10 221 167 234 36 180 33 179 65 116 54
16 216 24 95 60 91 214 122 26 3 170 76 255 154 186 278 149
14 0 7 136 290 44 224 172 82 140 201 250 228 233 132
12 296 134 92 156 281 14 6 98 12 256 173 175
14 168 110 161 273 129 21 241 68 90 283 219 30 272 211
12 34 162 137 79 244 191 147 93 139 152 206 169
12 108 75 227 125 113 29 64 207 269 35 59 143
11 85 127 56 232 40 61 190 199 265 251 240
10 275 58 166 204 158 42 45 192 288 274
9 87 13 200 102 177 101 104 37 183
11 41 193 107 96 146 163 118 238 43 123 2
9 184 133 198 239 25 5 182 97 52
11 164 103 210 38 277 121 109 10 71 153 130
12 249 260 187 39 222 268 48 124 115 66 120 1
10 99 286 74 188 28 209 22 119 55 229
9 212 15 174 111 235 70 196 47 165
7 88 218 32 243 131 242 262
9 80 150 57 128 202 160 16 67 189
10 72 4 285 245 217 197 248 266 100 270
7 8 225 53 295 83 145 135
8 294 159 144 230 157 287 142 231
9 148 203 105 213 284 138 31 252 84
9 259 62 226 185 236 81 20 280 69
8 246 276 171 282 50 205 289 46
9 299 220 63 271 254 73 291 215 279
8 18 263 11 27 195 112 176 49
8 261 19 86 258 181 223 17 178
8 267 89 253 298 237 292 297 9
10 117 23 114 78 264 106 51 155 126 77
8 141 194 94 293 208 257 151 247
0 
0 
0 
0 
0 
0 
0 
0 
0 
0 
0 
0 
0 
0 
0 
0 
0 
0 
0 
0 
0 
0 
0 
0 
0 
0 
0 
0 
0 
0 
0 
0 
0 
0 
0 
0 
0 
0 
0 
0 
0 
0 
0 
0 
0 
0 
0 
0 
0 
0 
0 
0 
0 
0 
0 
0 
0 
0 
0 
0 
0 
0 
0 
0 
0 
0 
0 
0 
0 
0 
