6690 1900 7005 837 48 2009 3156 303 4094 1335 5137 9913 9256 7270 1178 2581 9504 8890 7936 203 1206 8803 306 8133 8146 2056 9254 4733 9549 119 6710 3445 211 8088 9625 2934 5668 8219 483 656 3840 1111 3972 8085 9042 3616 3398 9164 32 7190 8059 7685 7464 2651 3051 8155 208 3112 8071 4704 4205 2060 4914 4659 6048 7092 1845 7253 823 92 6101 7759 7692 8112 169 9202 942 8306 225 4171 8191 8671 6222 3435 8642 2696 8379 9068 3468 4021 9429 1349 5766 6399 2919 7477 3958 8167 4017 1565 896 853 4713 8555 1346 8118 1263 1613 7041 6618 921 4063 6570 772 300 1441 6132 7263 1745 8190 7816 5695 9035 2578 8595 3513 4034 9394 2673 9466 3530 91 2661 2480 159 1256 7171 1023 1311 6893 8804 2706 3729 6805 3364 1143 4958 9846 1511 6698 1422 775 6956 2954 8378 156 9481 8737 9561 6784 1189 6484 1494 5437 64 4119 403 2240 9265 7134 990 5713 3122 8719 2652 3393 7808 7118 7941 5576 3418 3669 6013 4872 1738 5994 2797 7558 9044 2377 560 1109 444 5279 629 9731 4300 4331 3524 5405 9186 6971 4355 9836 4792 1862 993 7309 6172 5553 7988 9763 1864 1081 3904 5400 4006 7555 674 3746 3952 5426 6279 1721 4756 3770 876 6946 2675 9156 374 553 1415 7762 1160 3793 8694 7456 5045 4888 3839 4724 5803 6672 2128 1062 5193 5087 2543 3531 7693 5847 9151 9505 3785 3685 7457 4130 1211 4327 1942 353 2275 2288 691 867 9249 9952 8243 8263 9019 6237 1523 4213 8996 843 5679 175 6657 7445 2053 6630 4195 7066 1725 5861 1412 461 6587 2790 7150 1700 6188 8782 4441 5014 6476 8506 8617 382 254 5809 1475 74 7679 8585 4819 3203 6491 2556 2260 1110 8485 2314 649 4227 3373 886 3623 3675 1521 9284 7769 1644 4328 4270 8981 6832 7576 5899 2453 949 6331 9133 9272 4699 1101 7837 459 2072 3622 6098 8667 4879 7503 1455 1595 3648 3646 7778 8800 462 8869 8257 2969 6902 8827 2395 1620 8968 9641 2110 2108 2477 5702 3657 2115 3901 8631 8984 425 9346 6579 5160 1660 8062 2270 6659 872 1480 2330 2415 4347 2702 1779 934 2292 7812 7515 147 5764 7048 715 9288 8486 377 2525 7301 8686 5792 4965 3974 8956 1257 6121 7014 711 636 2809 7316 5995 7613 3133 9566 6367 2867 4969 9478 2220 6197 7103 9912 7143 4944 4989 5009 2515 542 9388 5915 3228 7562 4528 7984 1309 8610 5070 6882 4584 7829 8028 2107 7903 8214 9817 249 3735 3798 9228 1297 5903 979 7453 4247 1872 5441 6907 8266 8038 9496 6426 6268 9377 8953 8505 7197 4895 8413 2121 3146 4163 5967 6850 4433 9031 847 6333 8644 5514 4491 1912 9264 1220 3621 6932 8407 485 3843 7873 7569 2407 5465 6582 2412 5356 7764 1710 4206 9896 4031 5684 230 6757 524 1785 5001 1299 4857 6156 9054 8798 4884 7915 7498 4249 3230 4353 8296 8075 2885 1376 352 5021 1004 9632 2875 4677 6248 8510 5782 6746 8945 7770 7234 3946 6865 1947 7176 6161 523 1429 2164 6930 1338 4653 8820 599 4714 4147 4244 7691 138 7724 9238 9729 4907 7207 3754 2122 1364 2547 5123 4113 7516 8373 9082 5219 1282 3731 9526 5064 799 1048 3394 5451 193 1896 137 4302 6393 8987 1051 7794 1433 1930 4117 1716 2174 2898 2648 2921 4594 1589 6067 6677 5076 7078 3469 1855 3986 2972 5941 4046 3421 8801 2467 2315 5567 7830 8664 6218 9089 7370 2184 9950 6925 4532 9837 1752 5879 716 9701 7080 3466 516 4937 3691 4796 8401 9370 4924 1008 8864 2568 1067 9980 5323 7415 2541 4159 833 6179 408 3314 4449 1330 3157 8033 7501 9268 9623 1504 7361 5074 3790 6909 4866 1193 4293 8239 4767 2206 3751 7924 7474 6041 1248 2989 1045 5933 3859 7075 1891 2048 5998 2760 4939 1799 7843 8229 9482 6674 6566 2374 6379 2397 2393 1104 9992 7931 8023 987 865 2025 8244 6910 1561 52 7334 5709 6238 2907 3862 5907 1532 2958 5700 8103 4068 9611 5101 550 3211 8237 8952 2246 7508 3851 3044 7122 9859 1271 7493 6885 3905 1348 1944 76 4689 3225 2264 7145 8603 4784 1831 342 9789 9226 8339 5481 6562 7366 4496 3425 3997 1692 8659 6319 897 9441 1393 2346 2548 9720 7167 8099 1176 272 3584 4062 7609 938 6751 365 9882 9823 3811 5394 9687 6868 2234 1568 8662 1541 1159 8444 8843 7422 1466 130 7614 2977 9303 6190 3210 7680 1791 6596 4224 3476 3673 5878 7726 7894 4561 4802 7793 3278 1198 8691 808 1709 2893 8620 8159 7045 3782 4832 1639 5569 4209 285 1787 6905 6808 6134 1584 3710 7381 5372 5959 8160 463 2846 8182 1392 4314 9319 402 9167 3173 3765 2248 310 8928 3496 9106 9192 3498 4787 1922 355 3752 7654 3799 2796 9881 6848 5386 6800 7749 7267 280 8494 4406 1264 8111 862 215 8072 5708 4921 2910 4892 3271 15 4282 9328 4111 2366 5256 3450 536 2557 7414 7542 7926 8193 2086 2179 6515 7392 6345 8148 3231 9724 2622 9208 8562 4072 6120 1203 5250 9143 857 4074 8446 7857 5635 9420 7940 1431 8830 9160 1598 3570 6793 5188 9810 6898 7920 5201 6921 3432 7407 2359 9229 5289 1981 7998 1470 8760 9694 275 4104 7712 5134 6437 2468 2874 7900 9433 8901 7194 8502 2272 7383 2402 6864 7222 2645 9474 3007 384 9322 6987 4167 6571 8550 2901 4642 5380 6699 9298 6883 7987 5301 9141 6451 3750 65 8788 9838 2104 6641 7490 5901 1428 3845 4667 4734 4628 2241 2829 319 2281 2082 2141 9038 2769 9790 9000 6223 6722 1461 8134 7389 586 8799 7949 1612 2417 6389 4981 8326 4470 947 9987 9299 4085 8988 7120 3722 4566 6181 698 4821 2835 816 4221 9362 7967 3757 5040 8819 893 8481 4014 6253 9300 8918 4426 2938 484 1715 8150 5306 1810 1871 1861 9513 2513 1464 9734 196 6642 880 6839 4087 8450 8793 4772 5163 7525 8926 8027 4690 2601 4654 7594 5208 9968 4394 4675 8293 6963 5519 6591 8826 4685 3127 6203 5909 6680 2444 1199 7231 9574 1774 852 6548 4266 1061 7341 202 2882 9754 2439 8063 4343 3135 5094 9934 8007 9368 8883 4539 412 2089 10 9219 2383 9287 2479 2228 2037 8814 4499 2758 8807 9015 320 3454 6866 8225 7763 3846 1012 3295 7164 3269 8534 8551 5041 5486 5155 9230 7647 7296 6806 1844 2021 133 612 1907 2 5210 5305 3474 501 2042 4263 5317 9800 2670 4125 6235 7627 3924 2498 624 4121 7149 1840 3216 779 1255 2621 1911 3547 7065 8064 2309 4329 6059 4317 235 582 1695 5692 3556 7689 7006 4358 6821 4515 5268 3963 1800 7823 1424 3121 6519 8627 3463 1688 6201 6857 2737 5559 2319 3992 9508 1771 3443 8963 2375 93 7384 8547 6708 6064 2713 83 680 7004 4608 7909 5278 6880 1317 7865 6605 9785 1897 9321 3436 8624 3967 2636 2078 5864 7502 7796 6713 8428 5411 1967 490 2332 8334 6378 194 4012 3174 4248 2154 9330 4711 9361 4096 1396 6463 5092 3672 5556 724 8105 1591 8605 8136 1339 561 5658 9983 2722 9479 1681 7205 2438 3328 6824 1420 6678 4625 3341 5154 2599 1592 7266 1980 8688 9436 3925 9333 670 3767 4718 3574 4840 3645 4204 5473 3501 2694 2151 8916 2526 1071 3772 4533 6085 2808 7610 4651 5523 5794 7148 4330 5804 754 4899 8646 8767 4523 492 9778 6292 7630 3948 5582 5133 1747 1756 8650 1842 5583 67 2935 7147 3077 1123 6974 6953 6138 4038 6290 3534 4002 4055 9784 8960 4893 2729 1876 3606 8268 4777 3163 3267 7587 4219 9085 7077 7440 3714 8212 6452 6743 399 543 216 2051 6165 7259 6375 3282 3593 8289 5801 9421 3776 5140 6240 4486 9407 3550 5042 5999 2345 5532 4060 9779 7935 3428 6888 8383 7701 5005 7462 9022 338 2561 3221 4043 918 9103 894 6231 8261 3894 7750 5472 774 6730 3753 2535 3339 2504 8004 1320 692 9418 1037 2614 7651 1741 6920 7178 1328 1590 5171 3340 5340 6312 683 9270 1921 4128 8571 2710 4073 5143 8976 5314 4106 2923 9378 688 5442 11 695 3293 6462 1394 4851 7990 2740 3154 6488 5880 3137 7547 9139 2959 1308 689 4033 3292 4264 9376 5464 7363 991 3847 2452 7791 9884 9114 3182 2715 9023 5417 639 575 2633 6622 618 3404 1283 4843 9110 4235 4646 4964 4279 8108 6820 924 1411 8291 6625 151 7091 3877 9247 9879 2596 4582 8431 7009 2341 7645 2501 5262 518 8516 9722 7650 6363 9029 6353 3470 9043 946 7394 8492 1626 8705 8692 3999 5083 5023 7972 7220 9444 8590 5004 889 9205 9026 2390 9593 126 2859 9941 3145 9150 7757 7021 5172 3907 9397 3 714 2580 282 678 6926 4365 6581 9671 3213 9462 1499 8470 9490 3377 5180 1702 7090 6234 153 3635 6415 2765 6712 5780 8545 7062 3316 5226 6047 6772 6578 9225 8872 8693 6939 112 6799 4440 2546 37 1513 5929 3689 4443 3573 6908 740 2805 4825 8177 6527 4988 8748 4290 1814 1781 1027 9583 1767 2153 8563 90 800 6982 4942 527 5694 5992 7560 6038 5976 5651 1555 4682 9919 2268 7879 8649 9136 5016 8475 2205 7807 122 2506 5730 4590 2850 9231 6366 3625 3699 7626 928 9498 7506 3123 3494 5640 6983 3251 4698 5715 5911 3416 3323 4569 4044 357 1031 4906 1914 2837 3065 8933 8906 1307 5919 4471 4992 5391 6873 3222 5704 1130 5872 5444 5284 1783 5191 4591 2116 5958 434 7507 1834 6116 1534 7529 283 8749 9292 7237 7570 6602 4489 1041 9706 6167 5537 1047 4093 9142 9658 8074 6861 7007 515 4809 3027 8903 9213 8067 405 8917 4138 2109 3392 6970 916 8745 5734 5061 6692 1501 6682 7298 9163 4770 1471 6262 9816 6326 4941 7599 5139 9083 9113 1402 8544 1988 4985 5032 5785 9709 8601 9880 1870 6609 9278 8616 6171 5529 8437 5600 2861 1310 1416 4547 9917 9337 2478 1075 1217 4136 3141 6513 2762 279 3893 232 909 2244 6816 9366 732 239 4198 6862 4845 8961 4092 1387 6833 517 6083 5981 5313 6863 8725 6459 4979 1236 8576 8591 2213 9460 744 278 887 4388 5097 728 9355 5292 6043 7326 4805 8833 8750 2955 1042 174 1275 256 3139 7790 8958 8009 3009 6629 7286 5308 2159 2532 2960 3748 1714 8993 3487 2854 8549 6785 9554 7046 7707 7743 1345 5184 3212 581 8621 7819 6122 1154 1761 3351 863 9988 8811 5689 9571 1034 9894 1668 9152 1818 453 433 7588 5243 8343 7125 4368 7510 537 9939 9848 1832 2994 8415 4947 5384 6897 4746 6940 6042 1516 2129 4190 9428 4549 733 2947 4407 6774 684 7101 6858 6298 9072 3808 9403 3473 5420 1525 7130 3824 3052 8599 6574 4351 3045 1649 2990 9798 4232 6540 5565 4217 5810 6891 2684 686 9867 5167 7403 4890 6778 3686 2887 2340 5862 5908 8593 9480 2431 9185 3053 8284 2325 8242 2231 7351 6583 2756 1050 9780 473 6733 1314 6102 356 8025 2939 9824 6486 512 3159 2364 9183 7999 467 1342 1551 3968 9943 589 8524 6325 1065 4429 970 4881 293 3072 1000 2777 3300 1519 6442 4420 1235 1296 8817 1850 5475 2956 6874 5502 3016 276 8049 663 8656 6655 4710 5484 5904 5482 1266 2461 8153 5350 3266 77 3709 510 3796 6846 4912 22 4919 2017 742 2189 3973 9224 694 1058 7352 8881 1145 8325 7944 3763 5733 3101 7340 4335 1629 4135 4430 4789 8127 2142 4878 1286 7734 3489 173 1078 4903 7552 6517 3962 7195 4464 9630 9547 8673 1854 7860 809 7018 7353 3828 6414 4852 2299 2039 1597 4259 9727 4950 1918 1964 1132 261 3406 8129 3832 806 7106 6137 3979 1357 4647 3299 7260 9774 9237 4469 9978 5166 3913 4173 5309 6604 3508 1690 2768 4323 2062 9821 7217 693 3078 4970 7735 8539 943 6552 7016 999 7321 6679 7939 5548 9456 6714 8841 8010 7505 1253 2396 3399 1796 5168 2634 3233 9112 6975 5052 183 5520 7914 5925 7798 3262 2749 7497 2099 6829 9092 3495 8250 8359 7521 4810 6205 4382 9470 7782 214 6798 2016 6387 6020 6308 4730 7635 2644 6565 72 456 6996 9718 9902 260 2486 2414 6129 9080 8361 9863 3161 1670 4369 2237 9091 7531 8513 6556 1229 4359 771 2611 3747 1450 6061 6823 3130 5552 2950 5577 4454 8628 1999 1604 547 7582 7177 4663 6008 8855 1340 5943 1566 6006 1926 4715 7285 4535 5396 186 2632 2084 3674 2190 414 8813 3939 7265 1125 8115 9682 997 9868 9877 940 2430 4280 3234 3841 8143 9651 3142 1857 5969 3568 9442 4712 9269 3919 5071 3438 964 6025 1072 9335 3756 2445 812 1743 6945 7331 545 2793 9194 6854 1920 6608 8476 2398 8779 5558 7646 2348 8873 8969 6204 1371 9244 449 6142 3088 7461 877 9862 9079 9930 1786 8432 5220 6707 3660 2284 8992 7853 1727 8246 5080 1567 3813 2413 6977 8822 9348 7962 8842 8247 2700 7076 5729 2528 3152 5849 7583 2996 6855 1770 5019 1382 8068 5258 9828 9548 7292 1538 2068 6948 5421 9704 801 4874 1827 385 4804 8729 7137 6776 9886 1932 1493 125 2311 2567 8360 5093 2903 7773 6859 7886 3178 5675 4521 4915 7551 4902 6763 7653 8381 7397 9175 3980 42 1933 7179 7871 4963 155 634 4512 8258 9363 7417 3738 7581 7365 7099 8689 7556 3391 5722 5763 5000 184 6803 8283 8471 1289 8387 1026 7025 4423 9748 3352 3397 7206 2279 4621 5478 1094 2834 8763 9395 9629 2892 786 6332 4565 7802 8390 875 6923 6264 4144 600 9929 53 8495 8824 6483 1316 6530 3982 985 9835 8512 1889 7549 3511 2789 996 9447 4345 3650 3331 3395 4694 7313 3682 5479 9275 1444 3330 6734 6790 288 7354 8314 6504 5852 4597 7273 2186 4468 5183 7061 4876 4025 1945 223 1463 5326 1719 4258 1749 6117 6469 7605 3560 4276 7385 7098 28 9686 2995 6813 6928 4739 7619 7153 7528 3553 5360 5349 6543 5975 6149 8672 4100 370 7800 9506 5870 8438 1057 116 9435 8335 2991 7071 5367 3961 3389 676 7328 9153 5217 1885 3446 34 3873 50 450 3912 6697 9870 5851 2256 9218 3628 1782 2560 9683 8821 6686 6777 9400 4452 7741 5681 841 5984 4850 4461 7797 1806 7250 9233 3437 5805 682 701 5739 213 7330 8810 6478 1502 5979 4076 9933 7875 9318 7418 4419 803 4745 104 8060 6033 8294 7047 4152 9946 3379 3521 3013 6590 1535 7699 5271 8200 217 1989 974 2685 1163 2254 6431 5793 2451 9957 5589 9416 1469 2004 1171 7786 5747 5525 9086 6174 4681 6755 470 2682 9055 3844 1165 1789 4529 3195 4619 9732 9594 6286 1750 5655 8252 9755 2552 180 5738 2093 250 3483 2274 7072 5968 9740 7966 7958 870 5963 4974 2285 5106 2485 9914 1941 9510 2462 4322 5882 963 2913 9372 6811 8362 154 1671 6801 7543 3707 487 1053 6560 7848 6754 8584 9295 2739 4801 6027 4036 6620 6947 7377 3736 8077 9665 7107 8829 1672 4234 5639 500 7362 8317 528 1068 3777 9708 1965 227 7063 9425 4082 8121 5921 9293 5506 972 6376 8583 9688 4560 1853 3374 2712 2447 7124 2522 7327 8954 8081 6131 6906 9111 1606 4360 4262 4289 2351 253 363 4754 305 6030 3061 7661 8161 2215 8003 9572 4762 3353 5796 3935 5522 2545 2582 9866 9725 9021 3360 815 6802 7960 2242 7015 9597 2500 6738 9958 80 8039 3577 3376 2365 1485 9422 8844 6758 3136 3960 2911 5383 4870 9899 1769 814 1187 9801 1533 1618 3214 7760 7504 9945 6282 185 1666 4831 6429 2263 4004 7536 7598 3074 7982 8596 3917 2524 5966 5568 4571 8525 5754 8946 7608 9170 198 9327 8812 2587 1388 6224 7897 1167 6528 7584 7388 8427 941 6219 6471 1707 6561 1611 6175 8347 5513 7433 2757 1836 9060 3805 1224 6055 1025 5136 9653 6090 6572 905 5195 2236 3916 8170 9664 5007 3296 8297 8248 9039 5789 6636 6077 8845 4438 1477 309 96 7486 1033 43 4053 2405 5611 9730 6525 6267 2102 813 5614 3004 6180 8436 9515 2584 6225 824 6086 1449 8498 2350 2214 5645 4674 1696 2678 1650 4102 968 8357 4395 703 8889 5827 3878 8651 1409 7995 1839 8697 6372 7322 851 9966 8439 7674 6990 3704 4932 1358 6628 2150 1298 5257 4736 9386 7932 1373 8922 6320 94 5186 2003 7706 3926 359 2687 2378 2662 2282 4039 3599 6960 798 4389 5906 4001 3342 3590 6511 1119 6324 5980 5336 2965 9621 1265 5132 3827 8402 6709 1990 5590 6337 4684 3481 3788 7012 735 850 745 8016 1423 2728 7921 6753 7541 4176 7447 4336 7500 5498 7616 4572 6054 5181 7400 2336 8828 3361 27 723 5483 3452 2619 9017 8286 2871 8936 2708 2555 25 4740 7272 1828 8241 6347 787 654 3908 6385 9471 5741 8181 4478 1596 668 2177 6588 3955 760 1124 8720 7721 8050 2733 4748 1906 2381 7291 4026 2283 3332 7622 8732 2420 4187 2012 3018 2688 6382 334 5448 727 1183 114 8478 9853 3881 4505 2646 9969 4370 6299 331 752 8233 5985 1717 5059 2590 6812 9762 7121 7675 6126 5255 8896 9699 9009 2162 9102 7656 6001 2027 641 5605 1017 4333 6938 5128 7752 9605 7930 3598 3419 5164 5463 3538 1237 8930 2894 1711 3091 3774 4526 7155 1621 1780 1370 4579 7728 6510 3659 6736 1451 8776 577 7333 9961 9565 2971 7923 6532 335 7571 6860 9591 2980 4765 4155 4960 5905 9518 8668 8354 8047 4514 7299 9188 7449 344 1321 6666 6169 8045 3582 6215 8399 7439 2047 7942 339 1457 7280 5427 1851 8496 7854 9788 7945 3519 3001 8632 7844 5863 4166 6091 9258 3006 4847 6464 2832 7961 4946 609 5288 1632 7973 4439 7815 1925 8875 4051 9598 8886 8330 1996 1856 9825 6704 591 2295 2088 9807 8469 6162 2371 5196 4252 4835 2085 3158 4334 2239 6791 1763 3060 4868 2672 2517 8975 8522 9245 3888 7420 7360 2988 9723 2752 5570 4373 7294 2553 3081 478 5430 2419 1554 4650 3927 505 9235 7890 347 1610 687 521 9663 2655 3639 5993 4222 3401 4771 8679 2895 1673 5530 2091 1890 7852 978 9989 1548 5496 7703 8162 1214 4727 2367 4513 4573 8805 9122 773 5930 5165 9360 1329 2267 2763 1678 3662 7738 2303 5595 4175 3344 9211 45 8852 503 6432 2542 4201 7652 2199 3365 9053 1775 6555 3801 3943 1155 5330 5807 4945 3385 205 4362 2676 7578 5149 7838 6309 8231 4524 6154 7240 1361 1578 1056 7893 2183 9959 1151 7632 7997 7056 8135 5215 2155 4849 2974 3320 1505 7925 7396 6362 7887 3144 162 5761 5585 2459 2868 1816 9855 7695 2476 1687 3198 5706 9047 6315 3823 8392 8914 8966 4238 6229 884 451 2466 6256 8709 5468 1623 6787 9050 8318 2403 63 5945 3059 5355 6564 5832 8757 4917 2158 647 3730 8727 2549 6037 9802 6660 9437 340 3506 8422 9323 743 1131 7060 604 621 954 2489 9588 5898 9883 7258 8944 3587 8531 2222 2454 3383 878 9509 6303 7247 8172 520 5346 1432 6370 1894 8730 8052 2149 6691 6072 6276 6554 7031 2081 2617 6988 5802 5111 5893 5118 5823 2471 496 2124 4030 3491 2572 6145 6661 4500 7678 1434 4816 4738 6075 9895 2496 8417 5109 4118 8771 7212 226 1049 628 9204 9991 1919 2038 5759 1405 9344 4708 1975 7517 1821 1706 3764 6720 3246 2514 3355 2616 9342 5518 4822 5 8846 3634 6687 4015 5680 9108 7233 9034 917 4678 3670 5152 3431 4889 1765 827 605 1957 9093 4655 5114 5103 6351 1657 7378 2858 829 2226 2668 6557 3151 5119 6759 291 3725 569 5084 1615 6531 1243 7550 8305 3382 1498 5261 7003 2232 2778 2018 2331 551 5327 1007 7868 5736 3485 9367 9201 2416 4612 71 6626 5363 8461 2111 9839 287 8734 3318 4254 4954 1400 5277 7295 8041 5022 5573 2127 7480 9059 3516 7771 6980 6937 5742 4182 6328 1036 9081 7747 4827 2872 5199 558 3164 7835 7443 7545 2918 179 1401 2674 2699 9285 7767 9453 5648 8592 2380 5987 3563 2889 6388 6841 7128 8117 2860 2487 3649 264 1249 6651 9587 8388 1916 3711 6568 7254 4381 2484 2428 9315 8465 3312 6497 7306 1811 6894 681 904 9756 3171 7670 6506 6837 923 574 2701 3806 5936 3956 9924 2028 8643 858 132 7655 110 6949 9096 337 5947 4975 3132 9578 9856 207 1196 4933 4386 3497 717 8754 4961 9695 5677 4448 3809 4425 6935 7030 7851 2101 8839 3804 570 3217 903 5115 5772 4385 1385 8394 9455 1648 6611 7858 5194 3706 158 5826 8600 8065 5997 9892 3517 6632 2801 7336 9903 7908 1712 2666 358 1732 336 7023 1616 6144 8365 5574 8340 9161 5546 1397 1089 6230 2803 2387 1704 2951 2569 4023 9618 9236 3900 5412 2317 2620 1413 4923 5795 75 6918 1971 3642 8202 8660 9791 2890 4342 3768 5010 2800 3815 2483 1807 9076 2510 4240 9982 7482 346 2265 3209 5505 6671 3769 3467 2932 7200 7470 4239 3953 4837 838 6577 3023 5397 2826 8349 7736 8457 4325 5319 5315 7139 9893 7979 9445 2022 5067 5331 5618 3834 3794 4755 931 5638 9907 2202 9261 7910 4603 5916 8084 2342 7304 588 7895 8912 1737 2255 5378 3668 5053 6646 3822 5594 5206 8287 6254 7027 7607 571 6233 3089 6549 9582 4949 2328 1268 5938 5492 3087 6500 2761 1829 6371 6623 2469 9398 6395 6668 9904 9174 1766 6972 9932 6295 4581 7970 1917 4492 3096 3726 3810 1174 1440 9728 5392 3472 9253 192 548 5820 9501 1238 3884 8604 1713 1032 9399 7244 6310 8977 5414 5200 3125 7623 4952 7919 673 4110 8322 8466 2071 2575 8570 6690 625 9530 3363 7511 2050 5509 7367 3306 653 3019 3153 3272 8356 1661 6878 1347 3109 2201 4081 7596 3301 9535 1162 4671 1270 426 6499 4548 5765 7671 2650 5873 393 2533 9173 9356 1205 7892 564 3852 6553 9041 1333 4148 3187 1744 1764 5643 3118 5038 416 9973 2811 988 9415 3998 4576 4304 8537 4598 8558 4527 7022 9032 3183 3034 721 5946 2306 9672 5703 1895 8474 1703 8315 8358 7775 9995 5828 7029 4818 784 2195 5438 2427 7658 5365 2058 9352 6095 8472 5231 5153 5918 4216 8561 4427 5403 9066 7514 5755 3831 6852 1574 5488 2475 1274 4436 4116 4306 9662 9310 9500 4737 6214 7033 765 6232 5612 2001 4999 9726 4991 2481 7332 7242 6427 2066 6010 4361 418 2092 4169 7780 6284 167 8405 2750 620 6835 6050 603 651 237 1103 7 7765 5223 9693 4640 4557 5066 5297 9365 2347 7050 6887 6766 706 1108 781 5774 1858 785 5085 3937 5418 1462 631 1156 5528 1760 9107 87 7089 9413 6624 8634 6551 270 1099 6354 7841 2638 1936 8859 925 7625 4783 8633 5229 9279 2168 8497 4022 5126 9468 404 4488 4178 1258 4480 6259 9529 1540 4271 9713 3678 8032 7038 165 7828 4680 8769 2647 4465 8733 1742 3889 3695 6957 9760 6936 820 6109 3177 2727 5762 9115 5886 2002 4142 7774 9519 3890 2824 2258 5671 7199 7067 4609 3515 3996 4146 9125 7358 3581 62 9098 8483 5989 3911 3933 1284 9603 1126 9491 8985 5912 3131 3303 373 2146 1754 8677 3226 2705 5884 7634 6040 6797 6586 2120 6599 1927 2792 8408 3552 3297 2891 1360 9040 2069 6166 5843 8678 6369 7225 1526 6732 9308 3504 5842 9715 7421 1520 1241 6929 3324 6781 5588 9803 8409 3357 7845 6976 6092 5266 8206 9745 9063 9126 367 5081 2083 5144 5177 8230 3658 3558 3479 7126 468 1080 5325 1608 848 7518 5940 8393 9404 9551 1998 7644 312 9124 3094 1063 6516 2723 9332 6768 1556 6688 4793 1659 4926 2849 6992 7084 8455 8568 9615 6071 7980 3456 1157 6143 504 1571 6408 8011 3206 4215 8012 5321 1091 2795 9149 5726 7519 3548 6049 9750 1244 2363 9528 8255 1442 8756 2707 919 8751 2744 4131 1577 9016 5740 6428 4956 981 885 7639 4943 8005 8781 8853 5454 4627 5781 3716 6084 6278 5493 5965 7526 5961 6100 3800 9094 6899 6419 2779 6867 4321 3934 9414 4797 8794 4577 9088 4751 995 4253 3728 5745 915 7473 6330 5015 3367 1483 5236 7688 3048 8777 2369 7426 2855 6760 3733 3941 8759 4402 3192 3407 3864 1675 9857 5752 764 4462 2929 7450 7589 5142 324 3653 7144 3243 6640 5281 7308 1153 466 6022 7522 8611 407 9178 7053 4672 1216 5056 4151 3944 4483 6017 5030 1122 6472 7756 3309 5178 460 7495 4193 1076 6487 642 5013 6355 191 4972 8514 1546 9841 9206 861 7981 4229 664 5197 2968 8658 1928 835 5328 1708 4037 860 2392 446 4931 389 3166 4095 6383 5609 5185 4005 3063 6934 3350 4757 573 4721 2987 1793 593 1877 5797 5079 362 323 4599 2182 5028 6028 8714 8256 1039 3600 8818 7621 1484 7218 5691 5338 4763 3268 4707 1478 6653 229 6723 5145 143 2743 36 9794 3803 5461 2249 8723 1607 7431 8706 1362 8276 2488 9599 5784 9777 4367 413 1404 1070 3020 3240 960 6892 8639 4294 351 8880 7478 7181 7827 4108 7491 747 5800 9443 2562 1426 6792 6194 9905 9525 8752 4447 1172 1915 4417 8000 1506 269 33 3273 3720 8418 5788 8964 1798 4183 2902 8389 8066 725 1542 2709 2379 5676 3899 5624 8608 9197 1987 8269 4380 3179 9271 1808 8765 7963 3348 2131 8619 6954 411 891 6761 8837 3219 6592 9999 4298 6890 9502 6508 5924 6826 5151 9343 2692 7159 5354 4574 7059 5927 4864 1445 345 3861 5634 3071 4422 766 9580 9417 8180 630 3835 1795 236 3302 8208 6236 4814 5776 5467 5974 3189 2812 1344 51 6520 882 1759 7257 5834 7390 652 8655 1028 3037 8053 1242 4284 8235 7989 9590 1390 3882 8894 3084 38 9840 2637 8577 7902 9051 5450 3056 7324 3100 7170 3876 971 6889 8056 5897 9008 4670 2194 8899 3423 4812 9885 486 4275 2574 8240 2223 1517 7694 6099 1161 2005 4431 7544 7826 4766 1437 8702 7593 8355 2807 1044 8983 7523 2472 3175 2962 2759 2372 522 7559 7850 1085 4287 7317 1018 4313 6018 5531 3033 9036 123 8132 6489 7776 8635 4412 4401 7452 8949 8663 14 9606 6183 8762 4774 1881 804 2775 2624 5423 9373 6673 8716 2136 5641 932 4416 1380 879 9338 2014 3766 5276 3464 4596 9217 7878 788 526 2262 2529 4983 5447 7127 9257 7485 8333 1280 6535 2302 2588 9058 2725 5613 2716 1127 101 1849 9772 9891 4504 79 8114 3248 9069 1021 8913 1893 140 7338 6046 834 8626 4668 8467 7213 4288 479 7300 5673 6796 6731 8479 3162 2853 6417 3932 2870 7204 8999 4726 3280 7054 7954 2070 2726 5337 4534 1354 9854 9145 9465 3964 6468 228 1379 8456 555 8942 7279 2503 6817 4676 4444 6065 2266 5129 68 6394 2625 4589 9898 8802 3040 1285 1954 4859 5791 5290 246 5432 5264 6275 9921 9426 7481 7348 4283 4604 5555 6449 9942 4466 8924 2446 5560 9875 3744 1144 8934 4934 4132 4199 8685 5871 9931 8423 8036 7261 8908 5683 3814 9339 6335 597 1225 5246 5283 429 7660 5773 3143 5272 2349 2822 4542 5822 6074 5207 2251 1334 3015 4860 2704 7074 9048 289 2798 4010 5960 4179 5037 9873 182 1184 4545 1545 5928 2435 4580 7055 3837 9520 9243 1481 6097 9953 8144 5146 8295 6341 1788 1490 5121 1582 3868 4743 4434 7955 2096 1549 7821 9294 5750 8515 8092 4174 4760 5410 4509 8579 4928 1739 2746 7859 7705 5644 644 4391 4551 5469 5657 1366 7539 7359 3207 4458 9814 9391 6300 7947 5075 6828 3254 99 9521 3604 4181 2970 9660 4616 3705 8139 6440 1219 6411 6011 7290 3486 7739 3322 9601 2747 6701 2067 1848 6217 6401 8364 5831 8994 5489 7469 148 3252 9808 9600 7836 5096 5787 4413 6287 4129 2830 4967 4375 9439 6343 1112 6448 869 5095 3683 755 6477 9692 2339 9984 5515 7597 6501 1552 9689 2865 1022 5935 1507 712 6725 7540 6193 9057 4061 452 9203 8441 5814 6435 2310 440 5669 1899 8866 1059 8095 8982 2878 5869 3488 7740 8929 3745 2823 4530 7158 2629 5544 5578 1801 3633 7423 9887 4508 8100 4556 307 9200 2460 480 9147 299 9622 2490 1128 7664 7484 9007 1427 1086 5972 6616 705 145 4633 6107 7696 427 8825 1149 3698 4994 8223 7744 3922 1231 9359 6872 2165 2080 49 4261 7681 1173 9013 6302 6834 6136 4474 1336 6153 2353 8454 7437 8501 650 2976 6770 6005 3914 9910 8451 911 9759 5932 2925 2114 9986 2391 2301 966 4780 4161 9922 6108 7959 6606 6895 1279 2888 8684 1303 2689 7283 8919 1158 5580 7307 4702 4303 5131 410 1868 4083 6195 1825 4484 3978 7251 7416 4392 9540 7676 2564 5459 746 1495 7432 2815 9260 4610 6621 1600 1398 1665 8707 8836 3703 6933 5141 2094 2734 204 4908 3727 9154 2827 3106 8386 2491 4753 7349 9434 9746 5251 2098 4563 3415 7083 308 9266 2879 7427 5162 1940 6702 4269 7803 2318 9067 3388 8834 1991 1367 2643 1662 5521 7600 5617 3872 9861 6311 9567 822 1114 562 6421 648 3950 8142 3260 4998 9648 1482 7885 9787 1213 9301 6358 4896 3702 2046 8657 7079 5316 5867 1617 4808 4510 6482 7268 8341 9642 8321 258 4463 9568 3275 9432 9340 7983 3492 2604 7888 944 3460 7617 3250 1594 8891 4516 9676 899 7530 5399 6700 3886 390 8145 9771 4791 8507 4995 1636 7669 6209 8867 2013 6285 5749 1356 810 7044 4180 265 2877 9703 8893 3002 1812 5322 2886 6390 1645 111 7946 60 1133 1467 9184 9555 6291 9223 6368 5252 5429 3626 5242 314 1190 783 2985 6614 8205 7051 1935 7458 3995 218 8275 4519 5345 6032 5812 5024 844 5685 9280 2474 4230 7412 2946 7343 4052 4231 8195 7369 4041 8923 4700 3003 1419 1903 9956 955 2064 7938 2628 1802 1726 8352 2361 3644 7603 1813 5895 2307 6349 9585 7376 4769 8096 31 1077 2458 3957 4861 3287 623 5435 8849 259 5667 6445 6631 8666 5248 6598 7202 6015 5949 8790 2550 4968 5894 8411 7039 5926 2703 9668 9773 6986 3638 3343 7052 341 1129 2161 221 3898 4226 8943 1698 6496 8398 3140 1728 3942 5348 5845 5130 7509 6096 1938 3274 8369 5138 1952 8468 7269 7577 2993 3627 4390 3681 488 4172 8183 7136 5209 6941 2219 3265 9451 9336 6207 9690 5813 6594 5431 8724 8251 4691 7087 5224 9296 2764 7869 5407 8130 6573 7606 3971 197 4077 9390 8696 1118 2905 2145 4134 1658 7395 5051 5922 1663 3637 9493 2448 6373 3676 9010 3441 8572 5269 4315 4813 8683 3797 4337 5044 4324 8487 3576 3298 6534 2521 791 6250 4054 4418 16 3128 9427 6007 5811 5833 1837 5806 7905 5003 6950 9596 176 3533 9971 8503 4728 7717 756 8602 8797 2594 7953 5688 7611 8910 5846 2593 6844 1669 4570 5439 2836 7880 4408 5198 438 602 5148 4354 6317 8174 5404 58 1619 6788 8589 7073 8861 4383 1683 3983 1350 5499 3422 8380 3734 7184 421 6991 9467 3715 9997 3671 2252 7310 8384 7297 5839 89 349 9656 1751 3612 7489 7722 4977 1585 2671 5942 5065 3819 3787 3870 4189 3184 5883 5296 1641 2196 6019 9609 5147 3792 702 8090 251 7618 3349 3180 491 927 5460 7964 6323 7413 2669 9960 3041 2908 296 3095 6177 6334 9484 5011 2767 763 2259 1060 6070 6035 9290 2133 9608 371 1014 1969 5599 8636 1731 2103 900 131 1847 2598 7813 1403 9189 7008 4257 3945 5204 8508 4811 1234 9552 9307 8080 6845 188 8391 436 7977 4162 901 8877 4364 8313 5735 937 1074 6717 5731 8858 2298 637 301 469 6914 8089 1120 8260 5623 7801 1809 4785 5368 2914 3327 1408 5551 240 3028 1536 1479 1043 3762 8948 6979 5581 6057 4901 5311 2193 4735 7784 4310 4697 4242 2683 6693 4886 2843 2583 9129 8888 5254 107 3529 2211 4752 2697 4918 2730 9775 5362 13 108 667 7863 5596 9210 1452 8082 6045 7163 317 4611 6148 8216 7183 8879 5964 598 2170 3304 1095 2998 6958 8488 9061 2592 6876 762 5533 401 3417 7165 8152 1301 8581 1497 4540 3369 5395 9486 4149 3641 2287 9797 360 2277 5202 8282 2806 8717 7951 7563 1295 9168 2326 4079 5239 5737 6685 6112 4729 7154 540 8320 0 1586 5889 1278 9792 5563 4308 8838 7035 3035 6998 3677 6348 6273 6627 1425 1180 2554 4126 3571 9169 3742 5978 4445 9454 5659 8925 1514 9793 2210 9781 5937 2833 9714 7673 5753 383 1147 1195 3931 1064 9747 1288 3520 4759 8648 7476 5077 7991 7350 4823 9198 948 3871 4976 3113 9120 6782 4841 6973 6959 8371 3923 6322 5718 926 1473 669 8249 3046 4905 7814 5591 2253 2100 8279 4305 6955 3080 5536 2679 9 8538 7026 8452 4157 3014 2421 6521 7219 9749 662 8580 1633 2157 6576 831 2502 6715 1570 5652 8647 690 316 3224 2423 3288 6051 5817 8433 9371 9196 3390 4286 4267 3652 2606 4731 5760 1581 2113 302 4723 6147 7228 5604 1599 9446 5342 12 6158 8168 9909 9123 1983 6943 4203 1287 4197 1148 2961 7057 9711 9507 770 5388 9494 5150 4741 807 443 1015 2321 7748 5413 5485 5159 2786 8385 6088 6993 1544 3987 8311 5653 5443 3238 8156 2007 1052 3718 5896 5545 7524 3741 8 56 2940 797 6461 9024 7166 3687 7409 6676 2224 6093 8613 3836 3405 2623 4927 6365 4820 9383 6118 9095 8404 6212 7831 845 8091 5825 9669 5055 535 6441 18 1191 6944 2337 8735 4339 8070 7834 432 5047 4779 455 9014 9646 6635 9220 1961 8232 4424 6151 6665 2821 5616 3042 3378 2610 9637 9499 9977 1084 3780 6981 5434 9277 7996 3965 1966 6968 4295 3172 8397 1377 6546 1141 2492 6569 579 5973 5661 8043 6470 898 8429 8278 7906 5977 8482 1312 2329 6384 7968 6514 329 9764 3126 9936 4049 8607 2152 729 4393 4273 4220 234 7742 3522 7281 9146 9025 4554 7719 1699 9850 8541 2847 7391 7565 4649 7151 828 5647 1576 8138 7702 7818 9387 8959 1488 9876 7215 9369 6978 7568 7496 7303 2880 7112 1115 3853 9782 9878 2698 82 2656 7751 6246 4531 7069 1579 9765 2794 635 3264 9818 5294 9650 8726 5312 5232 3111 2185 9215 6434 4140 6294 3688 5494 4778 8722 86 8226 70 2456 2376 4904 6481 7649 1898 6465 1341 2608 3863 7896 2814 2411 8078 9259 8622 5446 5361 4522 6911 7424 2457 1972 8363 679 4641 5874 6664 5855 5637 9461 8606 2172 1826 2300 4451 6052 6080 1958 3791 1865 8265 3781 3848 7985 1327 2516 749 1093 8897 1642 7138 9004 5798 431 2289 8211 5455 7436 6881 3400 3543 5474 4040 2073 3335 3665 2312 9993 4883 1454 5923 9317 9940 2221 4476 8641 685 4506 5436 7001 4962 7289 5057 8372 7899 7311 8083 2280 1602 6258 2138 5058 7042 6840 3719 790 6433 2677 7943 9241 430 3518 8308 1892 3611 3838 3229 4683 5758 2200 9614 298 3928 3591 7017 8332 3712 447 1087 4844 8137 9214 3012 8008 4568 587 7537 4479 1204 7235 4 9831 3134 8327 1522 6917 1573 8374 6533 3903 3255 1909 6994 9396 1456 9721 4897 3500 2238 4695 2773 8396 4490 6266 4057 1951 6073 8701 2032 8463 707 6405 3858 6518 6853 9717 1472 2819 7772 4332 1290 1614 7123 9560 4446 3656 4909 2922 5376 9589 3284 7881 1230 8865 6087 7002 6585 6644 4069 2926 5931 4311 8939 3860 9811 8430 3107 1939 1652 437 8424 1841 424 2864 6242 1137 4018 1677 4185 5876 758 5714 796 5988 8612 6595 5865 3620 8808 2540 7789 6241 8119 3559 7335 2449 4606 3679 8674 7459 3535 7011 8519 9938 321 2286 818 392 6364 3093 566 4296 327 811 8654 3887 8980 5854 2609 5900 2839 7356 9569 7410 3185 1758 906 6559 5819 3347 3690 9577 9700 9311 980 6492 2463 5458 5508 8884 962 1962 4911 9918 2090 7146 8552 840 8490 7393 6 6931 5334 1306 2408 9829 9834 7586 9635 3218 910 2019 5592 4127 4951 5476 1562 8319 4320 778 6819 9753 4790 6789 757 6603 805 9558 7131 7824 8044 8001 7758 9736 7731 5265 5046 9545 9937 2964 1931 5891 759 8898 3984 5318 3892 5408 1439 590 1088 2227 5449 398 4350 7733 7714 2243 4281 8770 8123 5293 5666 9827 1823 4277 4133 6257 5230 2410 1359 8098 8057 5790 5821 3480 5939 4177 8453 1701 8690 5547 6350 2203 2322 1718 59 6721 1082 9097 8718 6210 5390 3975 5280 170 1254 2618 2862 8517 1923 1805 994 3850 9176 1001 6060 1207 1210 3749 3514 1055 472 6113 795 406 8594 325 5848 8337 1293 3069 3408 9860 9770 4160 5471 6795 6750 9990 4716 5179 5682 1261 8113 7533 3586 8120 8941 3110 8947 6191 3929 5857 6152 7527 263 1653 6016 3064 1226 4013 722 4799 737 9374 4042 8087 6507 675 2271 295 1887 5029 1318 1009 8185 2845 7601 4553 1304 1003 9131 8862 6458 3043 5063 5273 1722 7375 7713 3724 8163 2441 2130 4338 5646 8870 391 7766 6271 8178 8122 343 7115 6748 3478 7783 4432 5631 5125 4725 9334 2134 3589 9673 1705 4091 1547 4348 3279 7467 9281 9227 2691 8847 9915 4158 9970 5944 9776 6170 1559 2724 1418 710 4987 4156 231 6288 8527 7111 4047 9354 8375 3994 5720 7460 6919 9638 9906 7182 6127 5398 8331 4145 465 20 3588 4803 4750 2509 3857 638 9172 8740 5953 1247 2983 7641 2586 2544 9517 8480 9304 3562 3755 1139 5174 2049 2770 3812 4241 3286 5415 4292 6613 4865 1019 8019 5253 3402 136 616 4319 2055 3825 8414 4268 2840 8535 2848 3120 3664 1510 7700 3619 464 144 7161 3204 9117 8210 1646 7036 3386 5697 8171 2659 6997 5504 3313 3631 5020 5629 2755 3880 1020 4592 2664 2818 8147 4929 8556 7937 6453 9677 5108 2897 5538 3528 8582 3458 4846 1343 1569 6439 7472 2530 2276 9766 5665 7825 6342 8710 3032 9796 6260 3737 247 1006 8350 7986 3289 6221 976 1378 181 224 9916 2597 557 3643 5173 8874 3097 7252 2627 5723 4120 7404 8618 2225 5571 3021 1300 7795 3259 4622 8700 3985 5859 5370 5606 9380 5501 8154 7058 3969 8054 3380 4186 7093 4955 9573 8921 9329 8957 8301 2273 6467 9430 6185 6479 4103 7173 4243 4538 6063 4891 6494 2163 3883 5543 2169 1948 3618 626 8131 8217 5244 1150 3617 2208 1212 1038 2117 5841 4124 8069 9536 1558 142 7049 9326 1134 1929 1410 5586 7441 2813 6870 2508 3346 9476 939 7223 2658 8022 8850 9472 6111 5672 3569
11 4839 8292 2920 2519 187 8640 2247 6277 2425 8554 8124
9 3580 2432 6412 8310 3629 6670 135 2518 3026
9 1992 1315 7965 5970 6002 4830 5732 7382 611
10 4377 6783 2571 6466 4525 4008 4758 2440 7337 4378
8 2949 1543 5440 5335 1560 4482 977 2409
5 4435 7475 1757 9313 3696
8 5018 1209 88 9707 4078 4064 5621 7152
9 5299 677 1515 2695 9847 3602 3554 7034 8638
8 84 3253 474 7463 3307 2896 1792 8523
6 7399 9393 568 9752 6263 9251
7 1066 4309 7928 7109 1 2059 4978
8 2356 8175 7956 8731 5347 4202 8110 6999
6 3869 2135 5868 6815 3614 4971
6 6403 8477 2497 640 4541 9849
7 719 6689 6475 6352 559 4916 7405
5 6252 8950 2856 2825 7239
4 8773 3915 5917 3099
7 6031 9563 9297 7683 9951 9527 953
5 7013 9634 7386 3098 3630
8 2465 9976 8878 8419 8348 7785 2011 1905
10 4379 3607 2735 7861 5769 6856 3594 1152 8126 7969
8 5497 7657 4090 7000 596 3680 4862 7288
8 9084 3442 4494 713 6567 9524 1487 7904
10 7429 5693 672 549 3108 8772 6454 595 1846 7024
11 6822 9619 3055 3090 6029 7085 3319 2570 1762 7315 3000
8 1305 5192 1097 5934 7870 7698 9949 9639
6 4601 9003 2015 3022 4403 8540
7 4742 700 423 2720 1105 5170 7566
10 8518 1273 9514 3817 5300 4050 2333 9064 7642 6226
8 6901 2883 5324 601 290 3906 1259 1982
10 7070 5445 6381 9409 8816 5957 984 6589 7221 8046
6 4679 933 1684 7096 3609 6227
9 9305 1867 6706 8708 8521 1508 5422 7068 9099
6 4059 311 1628 7883 8151 7842
9 1138 5717 7499 3167 3921 4250 4409 2654 2693
8 2917 4071 5235 7561 4629 6034 9604 8199
10 7957 769 3549 9325 1997 8285 267 9492 3434 1107
7 519 606 563 3116 3290 2035 4473
9 1776 768 9140 780 7662 895 9177 1748 5364
4 6663 8670 454 1624
5 9679 6831 4948 2537 2212
8 5860 6807 6541 439 1186 9579 1476 8775
7 8758 1994 6550 3842 7492 1859 7898
6 6916 8329 7575 3102 7604 4614
10 9888 7318 1323 9559 1986 802 5240 1977 3062 6104
10 2316 5716 1993 3257 7347 9795 5107 2394 5033 242
5 2061 9979 1227 7948 3507
11 5086 2278 658 8586 409 69 5816 7277 3502 294 5176
11 4058 5027 4583 661 9144 3875 4404 8093 330 8860 2909
9 4618 9581 3147 951 5627 5428 8809 5512 6524
9 7929 6694 8055 3362 7668 8034 6374 3465 2851
11 7401 6724 1637 1625 5920 1326 6000 152 9678 7216 3902
4 2384 3227 3305 4218
8 4855 7293 4414 1002 1460 4065 1643 7105
6 273 6633 864 3544 4011 2816
7 3444 5808 8449 2495 5955 4703 3936
9 8703 7864 8892 4826 3199 4137 9742 3981 395
9 117 1194 1843 5182 3537 2997 6082 8058 936
8 7913 95 6021 8796 6886 3896 3505 9719
6 6695 9901 2714 9543 4228 2573
10 7040 9733 7398 3510 9109 4405 8937 1631 5910 3856
8 3855 6529 2748 9965 9349 5135 3165 8895
10 3371 4687 7116 8277 7572 9804 2041 5374 3624 6775
10 9675 489 7287 2335 615 5566 3565 2741 1583 2866
10 6198 2429 8458 825 4088 35 6446 5298 4236 9351
8 9449 5686 4782 4587 5267 9812 7822 8304
7 4307 4829 6425 5650 189 5373 6289
10 375 1773 8203 168 2305 9769 1963 6705 7697 7918
10 1040 394 7320 6951 5712 1252 3701 5228 2966 2139
5 222 741 8227 5462 5072
10 1005 9207 1784 8548 6430 7226 9512 5642 6460 8166
6 9550 9104 6563 3194 5550 2373
11 3555 2941 739 4170 3066 6186 3666 4101 8037 9248 3277
4 1135 952 1820 9967
7 3578 5158 6357 5660 8014 9056 7487
7 5424 6228 2641 9666 9633 9947 1399
8 4894 9626 4387 200 956 3193 3694 2358
10 920 9187 7329 1030 533 6634 6503 5036 8998 5877
9 9799 8728 9463 2605 2112 6474 8504 40 9716
10 2559 8675 7889 493 8637 6771 1686 8353 2192 2595
7 961 5222 4467 9872 9028 9438 5587
11 372 9411 3409 874 7554 4558 6764 4007 3215 163 7160
13 7952 6952 3527 7451 245 7867 6058 1201 531 9375 6962 3039 8738
4 3654 5088 2054 5664
9 24 6361 1860 5017 1500 2635 5830 4564 2499
5 2869 6913 9845 2167 9954
8 8962 9090 6003 4003 4957 2473 1391 3356
10 4637 7064 2963 1970 1580 3783 6648 46 5302 8196
10 4150 1883 2538 3050 4973 9613 1647 2434 8780 836
10 6115 7993 2512 9944 7196 1873 9135 1943 5630 5416
4 3988 9121 9516 8345
4 5885 5991 4498 6444
10 541 4781 9078 417 6749 2916 4639 6386 4768 888
9 4143 3168 9920 9680 8766 9130 5951 1638 9533
10 622 5343 6740 8464 5602 5620 2323 6270 1166 495
9 1833 699 4246 2992 7172 9457 767 4019 5561
9 6961 5902 6199 7379 9871 5656 9242 1292 8169
10 29 19 8699 442 4410 1723 7579 8742 2612 5274
9 1664 2313 7210 3585 2967 2600 5453 6346 9644
9 55 6884 2132 6316 2731 3082 2842 538 4817
9 9523 9406 4575 57 846 9179 3784 9667 1822
4 9216 3647 7411 4301
11 9283 585 7455 4084 8868 7323 3583 3818 9911 7624 8499
9 4842 8509 6924 8410 6818 9419 7777 3031 3897
9 2576 8395 5491 3263 2036 8079 7479 9222 8218
11 4346 7810 1013 7086 7690 665 4297 6336 8533 8097 3359
9 1888 7711 2711 3739 172 1685 4880 3759 3959
7 734 5358 5890 9252 2984 6391 3115
10 3149 5727 3461 1233 6842 9190 1365 7745 959 26
9 7119 4536 1251 8614 3740 2653 7256 6211 2175
9 4214 8029 8274 856 3885 8530 2732 2906 6769
7 7862 6984 3232 3315 7806 6522 8625
7 157 4098 4537 8823 8856 8192 1374
11 2986 8189 6159 448 830 4602 5495 8403 1117 21 5597
10 297 5402 4260 7546 9071 6498 5674 9381 592 44
9 1978 7028 1697 5477 4141 1474 115 9994 4747
11 3103 4066 5393 2881 6903 8768 9410 6380 2043 4701 868
10 5341 7140 5466 5888 6742 5756 2033 4371 1096 3613
10 2912 6654 7224 210 7380 552 2160 7592 1395 2563
7 3281 7088 6804 9925 9624 3595 6124
10 957 2296 3976 2690 4376 2250 5375 9858 3561 7615
9 445 1170 5369 3566 1729 5593 2406 4456 6339
11 3693 8736 892 8588 1272 2754 8665 30 9358 366 9786
10 2020 8086 9851 9575 8747 4938 7665 2527 6696 7302
10 2008 2603 6851 9289 2235 6601 8116 3854 78 9532
6 8406 6745 507 4595 388 1736
9 5598 3990 4720 1386 6392 5584 6274 5768 859
9 3030 3546 9274 8536 1755 6703 127 3070 3256
10 3471 8783 3865 9743 8682 5050 2044 2863 1383 1976
4 7141 6502 6377 6610
7 8102 3826 7768 8940 7193 7684 9739
4 8840 1874 3433 2591
9 268 7612 5721 2245 2077 2119 2817 6301 1682
11 4495 3575 9469 6128 7884 2982 8421 6089 4638 2933 8669
9 1353 2531 1734 5626 2639 4493 2404 9659 304
5 8342 7716 7488 5122 4399
10 5406 9166 5487 3375 9511 9116 3493 7425 7305 731
7 5649 9464 1667 6643 177 9074 7368
10 7640 3245 8376 6069 8791 5352 9900 8741 274 3713
7 1528 6912 3220 7534 1016 6423 9522
10 583 7180 1955 8653 4806 1886 2753 4669 3447 3484
10 8204 8489 7792 3083 9002 9681 8030 4114 3977 5002
10 3025 5213 8573 1601 8368 5724 7817 8186 257 4996
9 1735 8932 5049 9345 6356 5291 7856 281 8532
5 5304 8587 4200 3191 476
11 5381 8559 1407 7406 2216 1949 9832 7746 6106 5470 3223
4 6321 9440 6779 5068
9 3743 3239 9052 5829 7434 2799 4123 9741 4251
8 1269 3311 935 1491 8173 9232 2191 1322
5 6039 657 5770 6187 322
9 8520 6044 5034 3475 9450 4953 1239 8815 7192
9 3457 5227 3104 511 3370 4786 890 5073 7708
10 3564 8149 7585 4666 2686 3879 6272 7387 9157 361
10 580 3918 2957 5892 7442 1102 6009 7187 6306 2876
8 6649 1563 5539 1733 1331 8974 9331 913
10 61 9020 627 4285 4028 6615 1352 9964 8755 1950
10 4788 2774 8739 4657 3615 2613 2360 5100 4457 2029
12 5161 5881 6735 3795 5303 849 1106 1181 4398 3509 2218 8280
9 6456 567 2455 266 5012 3038 9647 9541 7100
10 8179 1438 9012 3114 7686 4024 1169 6094 7659 1277
10 7877 6965 1142 3453 3789 3949 9062 2370 7718 4662
10 7799 6160 6150 8991 7174 1913 5260 1188 2125 6539
7 8184 2180 1294 7730 2095 9783 3455
8 8420 7849 8073 6575 6538 907 9553 3536
9 6424 6662 1313 4656 2937 7276 2065 9998 2308
10 5245 9974 7248 1430 6927 6251 9539 7275 4688 2936
3 7468 6443 8299
10 1866 7709 8370 9382 6739 7663 5169 1197 9826 9955
10 3692 3249 315 4705 4245 4372 930 8500 4316 2269
6 8578 9182 1281 2075 4212 9005
10 7911 3197 6004 3542 1693 3940 3247 9221 5233 9309
4 4882 6843 2736 8753
9 7229 9985 2382 2663 871 9408 5608 2024 4631
5 610 7435 8462 7444 7809
4 2418 4853 3449 2148
7 9291 4644 3807 8546 2343 912 9250
9 4586 8209 2657 1863 4645 3345 4722 4692 3076
10 2327 2233 4184 9654 3414 4318 4503 8109 7781 5275
4 7227 5725 1720 3723
9 219 3333 9137 3816 1627 982 2745 8245 613
4 2176 5526 1772 7264
6 1815 8965 9975 8743 4518 4501
5 3008 1414 6879 2388 6505
10 8271 4706 2904 7710 8042 5690 7729 1389 9542 195
9 9670 2944 5156 8575 6261 1985 8911 9767 6995
4 3321 4552 1337 9661
10 8564 2424 7927 5678 6966 3117 546 1934 2437 914
6 113 789 5377 7628 572 1880
10 6607 6485 5744 3462 3270 8609 5952 9324 5117 2615
10 1724 554 9452 3068 5234 6638 5116 5564 2144 1575
10 6900 1384 6255 9712 7732 2667 6178 5389 4188 8972
11 2507 7129 9320 5212 5662 9738 9209 9889 7907 8491 6612
7 3667 9864 4652 2209 2630 6830 973
11 6418 3276 3384 7737 1222 2927 8597 105 576 8863 4600
9 9698 8213 5856 9353 8831 8951 7113 736 7917
9 8698 6780 2426 3966 8187 8785 9655 255 6675
5 6767 3579 1363 6173 7110
8 4056 1332 5540 3119 2857 2884 2034 1622
10 3410 8787 5500 9314 2140 2771 6737 3258 4075 4363
7 1879 109 1904 761 233 103 3413
10 2828 9405 8328 9702 313 4326 7805 5353 6105 5778
10 1794 1492 4624 4016 7211 8194 5622 7532 6140 3237
10 6269 9935 2511 3047 7232 9033 4497 7872 2631 6667
9 7188 9649 2782 1835 475 4607 2045 4856 7402
9 4475 3655 7975 9735 2952 3124 2290 8997 8569
10 3697 6404 1121 2181 6985 529 6719 2057 4620 3525
7 6656 5615 5214 3036 4481 85 4588
9 2324 1447 271 6413 354 7278 1182 3597 4898
9 5971 7114 965 6141 6584 8695 5329 6281 4578
6 6794 3049 368 4089 5767 1136
7 9820 666 1496 8164 4357 9431 8543
5 3708 4930 3909 1435 5456
10 7186 4877 2520 3605 753 607 1509 3499 2443 5607
9 2589 9046 5636 9819 7847 3439 8051 8986 1446
9 6189 8459 3717 9341 4854 9570 6344 594 7992
9 4873 9347 9030 8795 9065 8228 6114 7788 3523
7 6139 7108 7282 4400 3285 8061 8238
7 1838 8630 3459 5711 1046 2076 3086
9 696 3651 3490 5719 9180 6422 7715 958 5575
5 477 2738 2718 8197 1740
6 5218 2297 2368 121 1953 5696
9 1228 1406 419 922 645 5701 509 4993 4900
8 7687 8484 8832 6076 1245 81 9379 7189
8 4984 4959 150 7994 6512 4477 5247 2389
7 3005 1605 5089 8995 8035 6744 5127
4 3294 3236 6410 4887
9 190 7156 3989 8989 7840 751 9833 3186 3010
9 3540 3758 7097 1910 2776 7761 4340 4460 8971
11 1512 2166 4109 2442 7246 6078 643 4800 7262 6176 2579
10 8557 1609 332 8955 671 6066 369 4997 2197 4795
8 817 8290 7373 6305 4764 118 8904 6600
6 9402 8711 9392 3155 1882 1375
12 8024 6135 5359 3426 4613 6526 3663 7344 514 7755 9193 3440
11 7198 5387 9813 2352 1557 7209 7643 8288 4032 4925 8222
10 1113 8302 720 6645 2464 8259 9458 3895 9384 8712
5 3358 2173 7339 2400 1035
9 7891 3596 6202 832 8273 106 6406 4626 794
10 7020 8262 8979 4807 4585 6814 252 9844 8460 556
7 1803 9751 1587 4356 1069 4272 3545
9 5858 5112 854 4615 4744 3085 8871 6773 7723
11 1372 3640 8425 9890 6023 8854 9948 6727 5039 171 5950
11 2942 8158 6110 128 1797 2551 4099 9234 6683 4459 7185
4 4693 7325 1901 7855
7 4208 3148 5748 8128 1381 4442 7168
7 6123 6329 7648 4035 908 178 8553
8 2536 1630 7779 7933 8312 8125 8935 7820
6 4428 5743 8207 5371 129 792
7 5948 2079 873 8909 2534 619 8336
10 5237 9473 5996 6340 5433 8101 6904 7672 5625 8905
9 726 6849 9255 4115 6652 6196 2640 6157 2294
7 8020 6658 4665 7934 7284 9148 2785
9 7230 9852 7312 3057 3636 4798 8366 6542 7753
8 1024 4885 6125 8445 2900 2602 4559 8048
5 3608 1355 5310 4009 748
10 4546 9128 5025 164 5799 1746 5105 238 7720 1202
5 7471 2357 7372 9171 5091
10 5875 7704 9485 100 9710 3532 3874 9643 6249 998
11 7512 2123 6304 5054 4544 660 1436 2766 2229 4067 5775
10 5113 3208 7638 2577 2781 4749 9263 7466 6684 6490
8 6493 1651 502 9610 9576 8324 5914 9489
4 9996 1593 9459 7371
10 7553 2838 6457 5205 2999 8615 120 1960 9697 8887
10 6558 1984 3196 1804 241 7682 9027 3075 2204 5175
10 902 2788 1995 9557 992 8298 4278 8017 738 8528
9 8848 3951 9087 7557 6647 8761 4773 4567 220
8 3138 8435 3572 4869 3732 1324 1246 5190
8 4511 2006 950 1902 8851 866 7978 5549
8 6747 5990 9815 9497 8938 2607 6396 7201
4 2026 8021 3202 532
8 2436 2899 9306 7787 415 7633 584 4000
4 6877 5818 4352 1817
6 1090 842 3029 497 3993 5982
9 2791 6752 2566 1777 5263 6213 1302 7866 1140
10 8104 4437 9926 102 9923 1098 6838 17 149 4719
9 5572 7104 7567 986 6580 2362 777 8141 2450
5 1192 6243 4086 4982 1691
9 9685 9246 8440 7438 7245 5238 1417 1073 5524
10 400 945 9691 5090 3366 9972 8645 4550 3567 8526
9 4648 9544 5006 2000 3477 7636 7169 5062 262
10 7846 8323 2401 9118 66 6407 9822 3011 9674 1878
12 3160 8566 4223 3200 2178 2482 8970 6081 1448 2978 1486 4192
3 1973 2105 8303
5 2106 1635 2399 4411 5705
9 7357 7082 6245 4643 4555 379 793 8165 8907
5 7346 381 4990 97 8253
10 2928 5654 5554 6119 9138 3338 4634 6146 8567 54
4 3170 5510 6450 2660
6 9768 5332 5962 6915 2344 1974
7 328 166 3291 9962 9607 5728 2188
10 1689 5060 6718 9037 9537 8300 6297 8140 8442 8013
9 1852 9191 3541 146 7203 9070 2810 3150 4210
9 8629 8792 9586 6216 2171 4415 8264 3448 5286
4 5746 2784 5983 3503
10 9595 3329 8309 3054 7901 2665 9612 5527 4265 9531
9 1100 8426 3411 6182 1676 2505 5610 8344 5687
9 8713 7319 3067 7874 8529 292 6359 776 1164
11 8774 5698 9503 9018 7364 7916 2386 5452 9240 5956 5035
9 2915 3849 608 4291 6537 2304 1168 8721 1956
10 3424 7677 2147 6244 4485 2355 6283 8746 7520 9448
10 8715 3891 2742 7208 1215 7912 9963 4211 1116 4122
8 2422 4455 4630 9620 1146 8598 3244 4922
5 499 422 5124 8026 5157
7 2293 7428 6053 2751 5670 3551 2334
8 1674 5710 2626 4520 8857 7454 9616 7833
8 2523 6068 6756 1529 9584 333 983 6650
4 8967 7483 3920 1185
10 8447 1530 3092 6969 348 9159 9077 9155 9239 8744
2 1778 3539
9 2143 6786 1421 9617 5579 397 1656 5986 9350
9 1489 3024 8574 6402 3169 3429 8661 6509 8106
6 6155 9412 3512 1319 9302 2494
8 7117 3176 9757 6809 5366 9592 8107 1092
11 9495 9401 2780 5503 617 6967 9195 969 6619 7839 2030
10 6239 513 6942 1465 3190 9276 9357 5026 534 3820
9 6168 5517 9385 4986 9101 8511 3661 8676 6400
8 3430 2230 5887 5815 8220 6728 139 6869
5 4635 7804 819 134 2873
10 2975 6741 3910 6398 6133 1369 826 8316 2063 9389
11 6455 3601 6875 4139 1232 9809 9928 5824 1819 2719 5078
8 8978 4112 318 141 578 3592 8076 8900
9 3773 4233 4207 7548 708 8493 1924 9212 7976
10 5189 6164 8681 7162 6896 9132 3372 4487 4517 5542
10 4935 6206 782 8367 6762 2558 1368 1468 7095 2257
10 4194 9267 9602 506 6026 9158 4858 8764 5419 160
10 9556 1588 4164 1200 376 4709 1459 3241 4165 5707
5 5480 8687 6810 6014 3954
10 4910 530 2649 9262 5837 9424 6056 2721 1654 5225
9 277 4255 6307 2470 7535 6716 286 6436 441
5 4833 457 9316 5601 3760
7 7355 5069 1443 967 4453 8473 6314
10 7314 9627 9282 1550 9273 8990 4775 7132 3336 3412
10 4196 2642 4661 3420 7448 3970 2156 3610 1824 8885
9 3334 5954 4396 5241 6989 5221 4168 1262 7590
9 206 6669 3991 2207 8876 2924 6103 201 2010
10 481 2681 3368 633 6871 1768 1539 7620 4660 4341
9 209 6200 9011 2981 9075 1179 9006 8006 750
10 1524 3779 5541 2217 8882 9475 821 6036 1753 3387
10 4794 6208 8786 4107 9737 9897 659 7754 5098 7374
9 3396 1869 5777 8188 5913 6416 5104 8221 7950
9 5295 3354 2261 9127 4366 5099 5259 7032 2953
9 3947 3317 8346 4450 5043 3930 4562 855 8267
9 6192 697 8902 9199 3775 4617 3079 1572 5110
10 2118 9806 5535 6438 9546 4696 5031 9001 7832 8215
9 1564 5771 6012 4658 2585 1537 1979 6617 4936
9 8224 2198 1010 5511 9981 8542 5379 8920 5270
10 2074 1959 8784 4029 5409 4605 7274 6726 8931 2097
8 6296 4421 2338 7019 4256 1875 6447 5850
6 3188 1208 4344 9073 8015 471
9 3129 1177 2031 8176 8094 544 5249 525 8377
9 4848 730 3821 8236 6280 3451 4871 2137 9049
7 2539 3786 248 6024 4593 2126 23
9 7631 3403 9631 4020 7135 1937 2931 6397 9865
10 9636 6765 4761 1634 646 4045 2948 2945 4097 1694
10 5307 8198 1267 3058 3778 8806 6593 6495 8234 4191
5 5425 364 3761 3283 1083
8 1054 9869 6293 9645 396 1458 4237 2493
9 4815 4867 3105 6825 1453 2680 4543 2354 5836
9 482 3603 7430 2852 7342 7037 1029 7419 7725
7 4717 3325 2930 4274 7271 3242 7175
9 4836 4507 4940 7191 5382 2804 4632 420 8443
9 41 9805 4502 98 5853 5838 2565 7538 4732
9 1218 5282 9657 6639 7811 3829 6184 2943 5840
7 8040 4154 3938 9134 2802 4838 3427
11 5507 8382 3017 9562 9842 7043 4834 929 3235 5490 2820
9 7637 4080 7249 1175 9564 3181 5632 9908 9488
7 3381 6597 8018 9758 8680 7591 73
10 9874 1221 8351 8835 2787 8973 4828 2841 5216 8927
10 8157 6536 6327 6220 5866 2979 5619 1946 9181 3337
9 9744 3866 5285 5187 8412 5457 883 2844 8778
9 8254 3830 212 7922 494 4776 2040 8031 1011
9 1527 4349 6265 378 6247 5835 8307 6847 7214
9 565 428 4980 9100 2385 5557 7081 7142 7974
10 7465 1276 47 7882 1553 1325 3201 539 2772 4374
8 5562 881 2187 9652 8416 5357 6637 7157
5 4863 6836 9483 3700 632
6 4673 3557 326 161 4966 6544
6 4299 1223 435 9477 4070 9312
6 6711 8448 5516 1503 2831 4027
9 1640 5757 7255 5287 8272 458 7564 9843 8201
10 7666 9830 8338 5783 9165 2320 4105 6681 1291 124
9 2973 6420 9705 6313 5082 7971 8400 9423 9119
10 9045 9286 4225 5628 9684 7629 3308 8565 7408 1680
4 7446 7574 9927 3771
9 6473 4875 3073 1079 1968 39 4397 4312 6545
10 8434 8915 7102 5779 380 709 508 2087 6827 7667
11 9628 6360 975 6523 9364 3261 4824 6130 7345 8623 8789
10 9487 839 718 1884 1250 7513 5211 7094 5401 3310
9 6547 2783 7243 9761 5603 7573 5102 2433 3526
9 5120 1518 284 6729 3482 6163 7727 8281 5333
10 4686 7580 5663 7494 7595 4384 1679 386 6079 5048
7 4048 3721 3205 5008 1603 5786 5339
9 7876 1908 4153 3802 4664 244 350 6318 6964
10 655 6409 7236 5351 704 4636 2052 5385 3684 7133
7 1260 3833 6480 6062 1790 8270 7238
7 5699 2717 7010 4623 4472 5320 8002
10 1655 9640 199 9538 8652 5844 2023 614 5203 7241
11 1830 7602 9105 989 5344 3326 8560 5534 9534 1351 5633
9 498 9696 3632 4920 5751 2291 1531 9162 1730
8 6338 1240 6922 4913 3867 387 243 8704
