44 3160 5954 5831 7136 3117 2820 9997 4506 7833 2603 2854 9670 1785 7590 333 2098 7759 2446 5454 8033 5679 1666 1434 1179 8019 5604 9832 2863 3883 5455 6130 6885 8232 6340 7851 9145 1111 2600 295 6781 2849 306 1808 7418
54 2822 2921 493 3060 8980 4926 8910 7607 9407 9055 9184 2908 3439 9848 7317 8036 1064 2318 5425 7670 2629 9089 5292 5913 5691 9694 7344 6873 3723 758 193 9169 4043 7231 1845 4359 5061 104 4029 5753 1501 8126 8763 1479 4297 6921 127 4600 3226 6633 3901 2956 8392 6216
47 835 2139 1134 5345 2940 8282 3410 4976 1441 590 7065 6747 420 8211 6256 9035 8815 8558 9370 6665 4074 5379 278 2741 9598 9264 3567 6758 536 1710 6958 2974 5099 201 3115 3864 3521 7490 5158 4407 7508 3406 1071 1027 6830 3870 5666
48 8450 7245 389 3903 2573 2239 4165 8072 6766 8526 466 6295 9808 9870 5568 2931 4990 2120 1034 1262 6337 4602 7363 1535 7888 9295 2333 3754 9162 5750 4863 1008 7920 9313 5141 5025 2363 4613 5981 6981 1454 5795 4619 3979 2807 8768 9163 6246
50 1959 6261 5876 4115 7309 9797 1822 3 2343 6211 1373 2782 1865 6215 5496 3487 9260 6069 4140 7466 4564 5289 8337 4215 3974 1418 7739 1413 5827 7737 3004 7975 7064 9195 8825 329 136 4536 9013 9108 1718 9082 5391 2709 427 4762 1916 4940 7568 3143
47 2635 2234 5595 8851 477 3331 1575 6452 7719 8791 9986 1802 1519 5490 1749 5327 9964 9628 855 861 522 4365 2187 8996 7365 3884 4305 8379 9897 913 9578 3230 7469 8531 7905 186 4326 455 5864 5536 5787 2881 8978 4714 1551 447 6906
51 6933 2734 7643 4568 2152 9940 3064 4 1053 3536 4018 3851 7087 7412 6752 2574 7927 2207 1317 4520 4130 6224 2897 9187 6082 8384 6996 8901 8223 611 3641 2945 4541 100 2665 9801 4663 921 6290 6548 1031 8510 4222 2211 891 2544 3074 1522 6942 5044 9212
49 5260 2922 3425 7694 9459 5461 780 3347 2058 5619 513 4472 3520 6562 4003 8680 2689 9274 7955 1290 7122 6590 933 4002 3435 8666 9279 7112 8341 361 8200 9409 2309 3408 244 2827 7780 1945 8430 7892 8169 5728 442 2498 1428 3404 4526 6663 7540
50 6599 2772 5266 8386 6595 7689 9891 6374 7528 5102 9537 3300 9762 7993 6584 7330 1226 6183 9750 8536 1303 8752 6060 1879 989 8124 5565 6492 8217 2047 1910 6875 3690 9512 2543 9684 7263 5358 8160 5039 9686 9032 5527 8077 321 6960 2879 3006 5065 3399
49 8103 8854 3592 1285 5815 3268 2141 6869 4393 4093 91 7393 4880 1609 5045 3228 384 5811 8721 7001 1661 1667 9359 5956 7898 2245 595 5841 3638 6199 2871 8181 4445 8342 2875 8633 857 3687 6356 1227 1263 3668 4890 3062 5877 7747 3048 7534 4087
49 4172 6198 5336 7235 3899 8875 2640 3442 3009 9937 4694 7347 2313 8641 8182 1307 2654 4647 2651 4882 5249 1436 189 7258 2893 4351 9729 2206 6714 9674 5816 7495 9965 1324 5089 6158 7204 8485 4783 692 8708 9642 4224 7029 8928 6189 9403 6898 6405
46 5634 6812 6245 6046 1756 1390 9874 7185 3225 8111 7054 4251 5315 902 1620 290 8794 6318 2153 4179 4749 9455 8489 5346 2581 3639 4470 1640 4812 500 875 2898 7226 9843 8173 8065 3578 8902 1978 8749 6181 2329 4998 4832 9841 7774
46 6428 2368 3665 6610 8850 2933 8745 5298 2201 8991 1414 883 5053 4785 7336 8222 92 6915 9008 9326 3674 6644 5627 4054 3193 2899 7003 3263 3600 1357 7827 8202 3374 1811 5337 2104 8197 749 9947 4895 2789 2467 7270 2587 4539 9307
48 45 3042 839 4944 6117 1809 3396 4710 1562 9489 1689 9395 1433 1810 9006 1082 6263 1419 521 310 7877 1126 6601 9010 9763 7146 5477 4815 8707 5651 5799 1850 6568 5743 9331 3994 2109 6076 4646 6916 1634 3311 9080 7435 4643 3305 6680 1596
49 9475 3039 9861 9117 8415 7979 7698 7969 9956 5456 1961 5671 8569 5177 1525 9149 1259 2799 9970 1435 5404 322 5974 4423 6399 7099 604 4207 5643 7437 3327 6678 9016 8086 2787 9114 9722 2529 4176 3838 737 730 6637 5928 3918 5007 1778 2254 3227
43 6440 2758 2586 314 910 6864 2736 5910 2049 2992 8970 1160 9107 7163 5802 7661 8877 8859 6310 5198 2657 9177 1706 9616 2278 1977 7273 5393 1743 5179 3178 1475 8014 828 4721 6324 2866 8660 7090 9916 5257 6598 4821
46 6613 3171 7695 5237 8890 1558 3036 167 6703 8968 1735 4545 5969 9733 2595 5509 2760 4440 7785 5830 2859 3730 2413 4851 3963 3137 3470 6802 8336 5415 4016 853 5807 2486 5715 6489 7376 6713 8637 5711 6495 4913 1079 9100 3913 7820
46 2440 1831 6796 8513 7724 6983 4529 5724 6123 7327 4350 4809 1882 2846 2955 991 7068 2382 9311 4045 9381 6147 2225 4488 9400 6106 2231 6963 9624 2690 1684 5468 3475 9105 7669 2356 6517 5234 5629 3909 172 24 8574 224 1177 9895
49 156 2150 3516 2090 5608 8143 8625 2003 7575 7144 8046 5901 9223 8620 3420 5760 1603 4174 8689 1668 8369 300 292 9365 6291 5220 4276 5095 3662 297 398 2700 7783 1180 5788 118 5250 316 9181 5232 105 7705 1975 9894 5280 561 1503 3808 9784
53 1711 3179 4794 8678 450 4067 2140 3367 2401 813 6622 8093 2748 209 311 4348 3784 5028 1852 5350 4290 4689 9250 9185 7948 8148 369 5924 3650 6180 5081 354 7848 8495 5986 3245 2449 7945 2764 4324 3022 932 2732 8542 7281 8068 9113 6881 6542 9404 1637 8694 1289
45 1566 9053 476 2874 7458 7516 7279 6677 5416 8937 6007 7777 2247 1725 9531 6708 7243 2040 5106 6581 6646 9389 5606 512 3657 4845 514 1341 6476 7357 5458 2742 8405 6733 6254 5575 8032 5110 439 9987 3467 9731 5365 3570 2388
47 5959 4671 7918 6294 6935 170 3811 6313 3186 6710 1487 5596 5875 4465 6944 1081 1269 2068 3670 545 123 8938 4180 4813 6483 9716 2283 2753 7159 1225 1073 4653 1510 7254 9206 8635 3947 1669 3424 3727 6490 7804 9388 8240 6055 7688 9604
43 9151 4574 5583 9236 8949 3417 238 132 7605 6212 177 3234 6690 9281 4281 7939 6238 865 5854 2967 1530 318 2226 8029 912 3056 9480 2362 4899 4253 5328 708 3627 9950 2638 7551 1281 1981 3663 6442 824 2634 697
47 4467 7318 3190 2713 4066 5503 7173 9930 8829 1597 5574 2137 4639 8285 3151 3604 2680 5769 7097 4822 4774 2826 1695 7340 709 4583 6044 6338 3250 9011 9140 8461 4596 3088 1291 4670 3935 7182 963 8836 6248 121 3993 8228 5216 3554 6091
46 9738 691 3632 5245 563 3322 7367 4123 5360 7239 1898 8349 4079 8150 5238 4047 301 9051 3456 3303 406 4862 9595 7196 5239 1848 4085 5131 4357 5853 347 1722 3862 2503 5140 2612 4908 3237 7396 516 556 7966 1323 696 9724 9982
44 8725 4904 1247 3579 598 7151 8584 8368 9961 7117 6615 550 8655 5856 6357 6893 997 5689 2354 9367 9334 5716 5191 5356 8982 8720 2839 7433 6469 7646 9102 6391 137 4210 9813 1347 4688 9347 937 6722 7174 4923 9827 3952
49 7080 4397 4701 2524 2755 2253 6718 6292 1282 851 9943 4134 2917 5074 5133 373 972 9029 4823 7007 2404 2683 4761 3211 5758 6119 6884 8757 6739 9518 9171 9026 6047 8382 9859 2437 2434 3729 4416 3157 8164 9023 9164 9869 5374 1184 6269 2936 7502
41 7678 2847 3534 7394 130 8699 2747 1604 8746 7513 674 8389 6230 51 203 2050 9332 1742 428 6945 9299 4902 2108 3928 6526 1006 4731 7269 1381 1658 3498 6040 9766 5173 4271 7106 3355 2516 7934 7854 7722
43 2995 8172 4878 6600 4458 2304 7109 1178 8663 1229 7028 8911 8645 6186 4577 1011 3743 6707 2124 4295 4601 4343 7702 2300 8288 5056 8333 7570 9726 5605 5625 6834 9086 3002 8243 8606 1728 5813 4735 5712 7850 6952 7368
48 9058 4114 8948 4259 1067 4327 4219 6284 9752 9708 1300 8756 4282 9461 4444 3388 6472 525 2055 5964 8734 2076 7056 6137 5909 3401 8942 9757 4027 3013 9070 4842 9875 9396 5893 7266 8719 6316 5300 9953 2691 2567 852 120 7123 6955 2810 5987
47 187 4967 5041 3575 4937 3735 4126 6242 7022 6036 5784 2021 9289 789 8040 5382 7284 9908 8907 5018 7838 9618 7792 6716 639 8990 4737 5642 5242 5272 1624 1116 7821 7085 4755 9972 9661 640 2248 2938 9579 8792 371 2456 3080 819 6787
47 3183 1204 3496 3911 5545 5387 7026 1855 2677 8178 8532 5105 4457 7745 3850 3277 7928 1618 5905 2686 4090 2970 4414 3939 7630 904 716 4202 2259 1582 7241 122 7786 6071 9744 8408 3483 2340 2953 1800 9517 1937 3601 8743 1559 3422 6804
44 2717 5588 8730 4338 5206 7648 9612 8471 8681 6341 4394 3556 1888 9415 8458 1980 4064 4519 5488 2017 5993 1308 99 6841 14 3869 3960 248 9597 7403 4154 1274 8951 2545 8192 4320 4381 9030 8891 6094 8774 5897 5561 7207
41 7849 42 1691 446 6092 8327 7790 1787 5201 3281 9310 5159 7835 1643 1723 4316 115 8020 7588 8675 2939 5373 7124 7795 2485 1611 5246 772 8161 260 9834 29 8451 4155 9065 652 4695 3589 8402 283 98
43 9822 6056 9360 6785 4503 8797 8717 2965 158 7406 8494 9753 5406 9798 5012 1872 4243 1630 4952 6882 3798 6993 4986 6757 1171 9823 8401 7248 5498 7628 4837 5697 1332 3980 9652 8045 7647 547 103 1369 3008 9847 4915
42 6430 8595 8383 7574 3460 6754 2769 291 9629 289 9329 43 1174 266 1118 5514 6918 6252 9218 567 1489 1091 9 2549 5982 7750 1645 3473 3621 5920 3296 9715 7465 6139 6086 1594 581 4412 8596 6435 6587 7049
38 3448 3233 90 3361 9951 6889 9772 8651 2096 2687 8812 5277 9818 1215 8821 4985 1483 2903 8140 1416 2951 1117 1780 2164 6691 1026 8806 7140 4462 372 3948 7730 8979 5285 7470 4540 511 4644
46 5371 9321 5798 8472 9791 5476 1100 3844 6504 9165 5857 9315 7541 4083 987 1692 9545 8437 2148 8371 8066 7557 6448 2324 3287 4240 7994 842 9017 9896 8947 9237 7504 668 7092 2669 4265 6053 4105 7463 7968 9094 4135 2267 2497 9600
43 2870 671 7606 9992 5794 8324 9123 8439 7957 949 4486 5170 3984 4017 6795 1680 4223 5770 7459 9160 4925 2204 1392 9668 5746 2312 756 6417 761 9028 2347 142 6840 4267 2796 9025 6002 6932 4683 5050 4235 8194 7364
41 2223 7901 1925 766 68 3914 3259 8277 9721 4069 9485 4734 1354 6097 2513 4533 7560 2833 6508 5330 1719 1122 5594 7999 2133 7350 5602 1230 4208 728 1019 7197 1277 4287 8846 4437 9152 8715 1868 470 7414
41 2584 7662 2996 352 281 1590 3462 6275 3283 7974 1639 365 1299 5084 9153 6711 7776 3407 8931 8605 4546 4918 5732 8095 1047 3971 7591 9928 3252 6372 7303 4283 8127 8706 5560 5985 7156 166 5789 7805 9770
48 5254 3902 1415 5952 6959 3312 3201 1325 1123 8549 8421 1203 6057 141 9658 1971 1096 2260 3817 1003 9434 863 9552 6706 5519 9214 5001 1906 1502 4451 4853 342 8612 6122 3032 520 1628 8985 3559 5677 3943 7807 4517 9244 7789 8037 341 6301
45 6975 929 4805 5771 5209 6664 1835 1124 7625 7436 8417 7464 174 1767 576 1545 7473 2943 1557 8976 5661 9833 7242 4417 3096 6545 3418 4780 759 5444 6984 1432 2461 1982 1586 9948 7220 8527 2844 6704 5559 9748 1875 8351 7341
45 9141 9696 1942 3551 1437 5908 6635 6509 9454 6868 163 33 3528 9380 200 6329 1207 3546 1754 3975 3284 7740 3700 3175 9355 2872 3961 7673 5199 8321 8537 1970 2458 2222 2190 9849 6751 9253 7518 3906 8070 7926 2493 9431 9969
40 6096 2198 3765 7611 8624 2085 629 2873 2840 1245 6274 4758 4831 4691 8511 9127 2122 1919 8115 2056 3889 1353 1598 3576 650 6336 9901 4770 6525 4234 5814 9374 3438 6534 79 5526 4548 9866 8167 8799
45 3660 1764 8205 6729 7014 6928 3682 1175 4476 7667 7865 2608 8328 5376 6793 3711 4446 7291 5440 4021 2923 4658 1490 3377 337 623 492 3043 6649 923 8973 9614 9125 8809 7594 9205 2302 2991 9524 8117 8061 8918 2099 4418 7796
42 4891 4801 8339 7402 429 4917 432 1220 408 2920 3090 6419 8398 8603 3508 6672 644 334 8661 7025 3061 6072 7172 1050 3325 7510 4826 9807 5338 6880 8508 5518 880 6 5294 2478 480 4827 5698 655 6625 7527
43 7320 27 1896 5069 128 8464 653 4082 5126 4076 2868 7878 5512 5401 848 7709 4032 5791 3416 799 58 2348 1054 8175 335 5464 8171 8291 438 1649 3052 2366 5995 3977 7440 8522 6533 8880 9003 5736 9544 9481 8670
44 9191 1408 7781 7720 9635 3260 3698 6756 7845 3318 7349 8553 901 8904 7401 3379 7767 3553 4835 8482 8255 48 1457 6991 6306 2327 588 9706 8113 9088 2035 5656 770 4449 8556 4510 4061 8343 638 1022 5507 2925 7908 6576
42 3636 8995 5030 4922 9361 144 896 8273 1659 6262 4252 8957 9477 4524 1836 8541 2183 83 39 6510 6388 8334 4288 4779 4167 86 2224 4164 2128 6967 7959 2605 542 4209 8742 3045 2537 8893 6029 5621 9838 1921
44 3353 9435 1833 4796 9257 6151 1862 2293 837 4495 5863 4089 841 9126 6609 8153 2948 8145 8538 6114 5427 4157 6321 1382 6521 7622 5880 9405 905 2473 3485 3357 1843 9036 735 149 9667 253 2345 3840 8583 1212 1793 7887
42 5482 4447 5973 7894 6563 9777 7286 7086 2644 3486 7227 1707 4044 6860 9690 8067 6997 9057 7949 339 1494 8621 6624 6594 6146 8425 4143 6394 8580 7 7137 5172 3133 9433 6289 9277 3936 9045 1105 8298 5418 5193
44 3187 6190 3505 4765 702 3867 7116 8575 4096 7201 5446 2409 74 2960 6872 4782 5699 8899 5118 9233 8015 1142 7044 2475 8370 3602 5692 8016 9944 3029 6243 4173 9508 7287 3450 6325 1939 5548 2119 4556 9555 2582 2678 7690
37 4611 2698 2202 2000 5134 3953 8765 4553 7800 484 2179 6277 7484 5064 2116 7404 1701 3568 7130 2869 3073 4033 6962 4404 6775 5616 3564 6536 4912 8323 2927 7192 1015 1727 6038 1235 5486
36 820 7313 6152 8026 6363 1429 4314 9121 662 5887 4055 472 718 8191 3174 5306 9256 844 7075 3616 775 505 5123 7314 148 2628 6477 7665 5305 6141 6920 65 5092 8771 7165 5453
35 9581 9589 2442 8120 5696 357 9462 1542 9406 2525 7374 6856 1724 2643 4376 8390 1721 1135 5577 7700 9893 4836 7635 3466 8380 346 5011 9198 7306 6022 7746 8658 2291 5284 2436
40 8598 9284 8835 1491 5965 9019 9273 721 1257 8266 236 8572 9350 4117 5861 5142 8391 3194 564 9043 4011 1358 9421 7499 3571 180 7208 5034 6333 1078 4075 661 8788 1682 517 1820 8916 5489 869 3531
41 719 5832 2648 6671 8927 5511 3350 1049 3412 7870 1322 7356 8274 8493 4726 9976 5036 7863 6976 2416 3584 8925 6591 6904 635 7221 4534 9530 1379 2127 4709 2002 8287 7048 6943 2505 2907 3366 2952 9802 2084
38 7138 2823 4830 4433 8027 1442 879 4587 221 6859 2499 8262 9634 5035 3402 2946 2878 8248 1188 6418 2060 7385 1272 4946 8827 5463 5087 433 9402 1331 5445 1254 8712 677 3962 6371 9918 2994
38 9392 2652 9243 1768 6890 2858 9416 8701 4030 1243 4566 3037 8874 4272 1349 3055 1319 2606 5600 5782 6892 7199 388 3740 324 4572 8703 5745 3538 8922 7486 5402 9148 6303 3072 7997 1954 9138
40 3016 7735 7855 7343 5898 5247 5751 7295 2930 7430 2359 4514 3348 3480 4885 4929 9760 642 3314 7072 3393 8254 1783 1828 1581 4261 8054 3395 6297 5933 1107 9063 7734 2398 4984 4346 3083 9018 8631 6202
41 6507 8085 3181 1734 5031 9884 6444 9027 792 8913 7840 9495 5434 8289 1423 7925 7811 4914 6206 9414 3942 3463 8051 9560 299 9567 1720 3822 6127 9711 8735 6903 459 2177 8554 9143 8750 1270 6524 5513 6017
38 8141 9890 4980 5008 552 7636 1560 5086 8966 9856 3335 6817 4194 2947 5530 8573 67 394 6951 1621 4471 7515 1886 9981 8643 3976 6934 3358 9503 1546 7457 7413 453 2067 7839 8265 531 6422
39 9106 4949 612 8399 61 3919 2186 2358 489 5218 4315 3167 4997 168 2028 4401 8755 6178 7157 6878 1498 7102 3400 1403 1741 1471 7963 9142 6070 3626 6661 9034 1287 6013 3583 3719 5178 6164 7264
39 3249 3075 3247 9366 6819 7351 9033 7603 5144 2053 6105 8737 9725 6550 619 7305 9812 1460 7941 683 2632 7656 2979 6861 1161 3276 9911 6896 8570 7736 9318 6659 4746 2094 6972 7951 578 9607 6632
38 681 3104 8983 4757 7864 6382 8237 908 3667 4975 6359 2310 6473 4363 8131 4443 4456 1144 1929 4578 2342 5505 1858 5640 3031 3089 3342 8301 4675 8449 2483 3081 2559 4411 2834 5618 7362 849
40 2038 9858 8128 7984 9441 2205 460 2395 1236 2770 2238 1411 2303 9093 3925 8214 5550 7554 1962 2235 2082 6670 4434 5447 4310 9653 7079 483 8397 6383 2773 8252 8393 1815 6153 7726 1891 1345 4063 8314
38 6570 5465 994 5846 288 2145 6283 8615 4718 6304 3741 2266 4874 9178 7522 5083 1371 1321 6721 9902 8597 7564 9659 2029 4618 5630 28 1513 7818 5319 3163 6339 9134 940 3816 6626 4635 6207
38 327 9351 9594 1196 227 8431 667 5968 5313 7408 6676 2771 7405 2415 9317 8677 2412 5281 5024 198 9091 7013 6170 9077 9174 599 4405 7599 757 6281 7520 4798 240 9904 5960 1136 4097 7917
39 701 5645 4392 5889 5156 1700 5333 9115 1165 5435 2950 6750 7135 4293 4565 1044 412 178 5804 6786 263 2299 5038 3714 9656 4744 4971 6771 7619 5599 4450 9285 3779 491 3218 5717 946 3071 4347
32 1826 1788 5941 3560 5244 3411 8992 8834 800 7105 7847 5304 6145 4402 125 2032 367 1456 4406 2319 6528 5164 5623 1155 7445 7998 8567 1305 41 3931 9786 2623
37 7674 3581 8364 7096 2069 874 2526 1644 3733 8754 5157 7316 4900 3774 8260 1988 3131 2019 2165 6398 7853 7200 6807 4482 3880 3372 4225 8229 7169 8188 6631 1947 641 6266 9829 7655 6090
39 5835 5241 8170 3099 9984 779 5705 5714 3205 4672 2562 1301 6188 4178 9703 4696 8332 9207 2220 8780 2757 2568 1224 801 370 1075 7874 6031 8881 7687 1877 8018 9001 1385 637 5953 7187 7577 2107
37 586 9488 3704 4060 1140 2244 6177 2519 6990 3103 2728 7755 5700 620 6225 2502 3124 2675 831 3747 6166 6223 5755 1652 6054 9532 6514 1814 3613 8104 8818 1686 634 7164 7856 4268 7315
37 3440 207 1539 1348 6482 9592 7769 4788 690 7675 5168 4396 8325 2030 9728 5352 8639 782 533 2508 4838 8133 2684 3549 5047 1157 7686 1202 4036 3478 8043 8247 6929 4947 6496 4111 969
37 7782 6197 3209 4766 7358 5349 3391 4286 7259 703 2745 6744 7693 1883 7415 2522 2808 8824 3147 5840 1853 7033 2466 8843 1338 9783 4159 6259 3673 7139 3084 2214 860 7817 5002 4712 2288
36 4182 1359 3937 5129 8872 2914 4192 2468 4969 8000 9885 5407 7209 7706 4136 2276 6811 4161 2006 2714 4557 8186 7964 7640 1463 2575 9602 5719 2197 2721 1543 9586 3474 9349 8964 973
37 7277 1038 4088 4091 1675 7416 215 1760 704 8442 9183 7660 1676 9919 3273 2520 9769 5015 5006 6540 8031 4693 6512 8921 8444 6555 1384 3861 8739 2360 8779 251 3717 9828 9358 6133 1993
34 8044 6956 9850 89 3987 1267 4983 2439 320 3243 4229 8466 3146 1747 909 5132 2837 4883 183 1346 2488 1591 3282 7255 3624 7224 2282 1337 7125 4995 5471 145 4256 3876
36 3155 9211 6001 2836 2399 7020 3177 4636 6566 6902 7561 9660 3069 4665 2052 2857 7429 7118 6345 1517 9483 7626 3068 6083 19 9341 1153 5932 3426 2491 1449 1943 9423 1697 6656 4659
34 8078 4759 9820 3302 8547 5680 15 2622 4358 2679 8486 4792 2590 76 916 9672 210 5299 9066 7829 7141 3666 3964 6107 1859 4409 464 344 4682 575 8585 7399 212 4964
37 8858 1472 9031 9336 2916 434 9915 6411 630 80 6162 871 9835 5096 3955 5834 1459 7077 713 6350 9734 7808 6939 4399 6777 6870 3966 6194 1208 9536 4150 1626 2779 8682 7772 8683 5921
35 8544 6425 8356 6030 6790 6520 393 2337 6163 9254 9173 4168 6582 1698 710 3269 6836 270 1057 5287 9266 7333 5676 6196 4463 7967 8576 3214 7770 1115 396 3985 4354 4419 3810
37 3873 9340 957 7222 1670 5553 2135 2775 6727 3326 6854 8993 5659 532 3434 3454 9739 6176 1885 4368 9196 5662 3574 6628 3615 1043 8312 1987 242 1500 6782 4936 1361 4380 340 3106 8114
36 9601 5262 7015 1275 2051 3292 1076 3479 4048 425 4413 8309 9375 1889 9809 9303 4218 2759 3786 5622 4492 7210 6689 1625 1733 7170 3497 6723 8853 4319 1786 1266 6673 9968 3530 7326
36 3216 3492 6497 1807 6699 6234 5598 1239 232 5079 7296 190 7142 1610 1792 8862 3058 798 1796 7043 6692 2326 9387 9046 8626 7956 1234 9373 8079 5709 714 9788 2308 287 2901 3021
35 3491 3860 5967 1805 7060 2756 3845 6280 5925 3647 9220 1039 9562 4101 8769 5874 8886 8475 938 8221 8139 2492 4056 4301 9386 5203 284 7977 8174 717 192 1615 1991 9697 8395
36 1579 4398 9157 8870 5942 2971 3764 1681 5368 1151 4589 7680 2286 3298 1405 1952 8864 4776 981 5394 3552 7578 3773 7160 2932 5544 6101 9004 6887 4927 7858 3092 7004 7978 7134 694
35 4523 4753 9740 8125 3501 4535 3323 7621 8609 7751 7111 1310 9889 1647 8335 239 6908 5833 5752 9617 2364 6946 2026 1426 7067 1388 4403 2978 8955 3859 6532 5491 2481 5470 1648
36 4119 9872 405 1040 1751 5128 8936 7381 1004 5850 5223 6559 7651 4732 2825 9278 4294 5135 5943 379 9596 2321 5927 8869 9226 5607 9608 7799 809 6688 6408 1333 2088 6755 3769 7911
36 9180 3153 9957 8592 9699 8950 8204 795 147 9238 939 1821 3215 4958 7032 140 4930 5450 3446 7431 5546 8210 1654 6120 6604 2880 2159 5922 4848 441 7616 1393 1967 1550 3580 9941
37 3831 6668 9584 4996 8566 3954 5896 4948 9546 9439 3904 1549 6385 546 6456 2877 7884 9411 9996 7681 4378 8960 834 6759 4686 6558 6067 7391 1372 1974 1470 5386 617 5774 7921 1315 3767
35 3766 5233 3833 2855 7982 3582 6815 2138 385 5739 6236 465 7190 4497 1585 781 7962 4829 475 7757 8867 1 7189 5060 8056 6193 1984 9649 7461 4039 1812 8218 4058 126 9799
34 1813 7256 5097 4543 271 3278 1631 6822 4309 6128 1657 3802 6233 5297 7400 3839 7712 1046 9344 8168 255 8119 1366 6957 7971 988 4569 826 9069 7991 8776 7861 2850 4690
34 3709 4581 328 8481 4436 9384 5829 6255 9242 173 2853 4588 5879 1683 3110 9780 5441 1467 4371 9232 6376 2411 6058 9429 9746 6886 1570 7480 9170 1881 368 1928 6142 202
33 1999 625 2550 3991 9646 9385 7867 338 73 3033 6112 3429 2274 615 7037 5963 4992 2761 7587 254 4051 6466 8107 1748 4245 5452 9514 7524 2862 5747 6271 1690 6148
38 3922 8039 1060 5113 3172 6516 6554 5693 5637 2531 2613 5838 3813 5597 1622 1825 2389 3449 3585 1963 5270 6438 5187 4893 9929 8138 9000 4022 3726 3699 113 3661 4138 8244 7089 8151 1367 2103
30 577 7030 8781 968 1025 8726 1904 5772 9267 4095 9815 7525 3360 8842 9453 3343 1013 9626 6682 5469 7565 5710 8905 2454 5936 806 3652 5591 7194 7936
32 8786 8246 3258 5881 5226 6322 8293 5580 8793 4864 3336 2928 2262 2977 3807 2800 920 7558 7889 2246 2208 7506 2081 3750 9061 1527 9978 8219 3734 1801 7537 5392
33 6042 8346 8440 4169 6474 422 7485 1095 134 6738 2601 1020 715 1292 5894 777 7276 1894 7378 3204 2379 7040 3244 272 8354 9399 695 8058 6828 8953 8374 3857 9418
36 7653 7794 9942 8073 8052 1505 294 7572 5228 5296 7916 2511 8213 5309 1933 858 5761 8560 5842 3886 2043 3113 8259 2460 7685 7548 293 5217 4979 6251 415 5650 8270 3540 4871 2894
33 8424 8545 6931 854 9378 7147 6027 9235 8022 6919 2989 8330 7983 527 1102 3894 3896 494 414 3594 8459 3365 3270 8163 614 7666 4369 2093 3274 7729 8619 3444 3818
34 3875 1141 8267 1956 7929 540 4050 5949 3332 1238 6409 9425 2843 3144 6914 2397 9228 6809 603 4448 9666 8498 5688 6853 3788 9541 2579 8648 2667 5805 6762 1473 1665 3232
31 526 9446 7793 5462 3746 5251 35 4231 3513 2983 4736 1256 4687 5442 71 918 2010 8713 3499 5825 5043 1164 4142 8359 5184 9342 1957 4702 4841 8290 6279
35 9413 1062 3772 69 8053 2218 4302 9272 8741 2281 1193 7268 8047 9372 7150 6208 5540 1114 4750 7206 8023 3329 72 5891 5321 206 1497 8690 44 4811 5926 4461 4502 3159 8096
31 5014 1752 9868 4808 2384 1608 2339 208 8958 6522 6300 7304 199 1908 8604 5817 3382 3684 4129 9553 2118 9749 3900 8521 3712 7972 9208 8305 1678 2809 4184
33 1717 596 8134 1410 676 5726 4597 4387 3803 6675 7419 3315 9855 6429 3003 8362 2130 1763 538 2625 7582 864 4928 3793 1703 4000 2160 9881 8203 8146 9765 1533 9192
33 9168 1191 9747 7253 9621 4677 7061 5424 4385 4500 5429 161 872 6693 5890 2724 5962 9588 4149 6387 7285 2596 4513 4606 5004 3221 8929 978 8559 1486 9580 3472 8465
34 8220 1377 9695 3383 4217 8234 5654 456 5759 9186 8700 9376 38 7873 7989 2551 984 9794 2425 6343 2726 4778 579 8357 5792 5286 9020 8695 8376 5918 7371 1399 3529 5638
36 9049 570 4303 6687 1909 6973 4629 5525 2301 6437 4642 5369 9442 7614 5584 4028 4428 4425 729 4669 5731 4843 1033 3162 8208 7825 6458 8557 5785 5091 262 1316 3057 5970 7841 6730
32 3387 816 416 1051 4415 8074 9590 9665 760 2470 1089 3608 1444 2842 8509 1249 9325 2708 9262 7879 967 1605 9048 9305 2856 6335 4905 5809 5734 3956 5204 5255
32 9159 6597 810 3316 7442 919 397 6167 1306 5822 6715 3892 1002 9651 9792 6228 6462 2798 1336 2420 7093 8496 5620 885 3224 1108 1576 5466 5256 5317 6969 7021
31 4078 2297 457 3694 8063 1276 2129 1167 5183 7784 2924 584 1934 9501 1170 4317 1832 8758 7428 3732 6004 1077 3990 3542 9022 8533 6169 6068 1255 9296 5738
31 175 474 8740 108 6655 3763 2752 4739 9494 3858 4630 893 4204 6862 5290 9458 3828 95 3599 6315 9345 9005 935 622 1857 2990 8002 6305 953 6806 722
33 6423 9887 5475 544 7798 5182 9678 7538 6979 1121 3398 2100 778 4825 6457 5767 815 4700 5252 4609 7447 6788 8705 7497 4013 4485 2294 3842 2203 8582 8062 7471 7649
35 4935 804 5557 1924 9224 9076 3238 8176 4298 8897 3465 8238 2457 8623 8832 5137 3321 1936 9547 6565 7803 6724 4706 2723 3012 6831 1687 11 7523 6761 2275 2008 2431 1185 4678
30 9014 1568 5756 7042 5171 4408 7910 9437 7869 2835 9654 116 9464 895 6629 8242 3359 4787 3751 2750 8664 3309 2336 5408 2962 5231 2189 7474 977 5211
32 2851 8453 7946 528 3855 9836 684 7149 8239 3780 3254 1837 7334 2685 2004 2730 9430 4549 8028 1950 3261 6314 2073 3413 6467 9977 3510 5261 6798 3202 496 3595
31 102 523 7329 8778 4622 5860 5682 8831 9936 1895 363 5175 8350 924 1642 2171 9290 2432 8041 8419 2676 8361 2438 7501 4741 2264 7166 3289 6157 1773 2149
32 78 8372 8152 5528 1192 3126 5868 8711 3644 6436 6160 5749 6586 5405 1176 9824 4177 999 1156 5655 9511 46 3924 2619 942 3841 7711 9710 4954 7631 1851 3642
33 4768 1364 1531 4068 2614 8445 784 5916 4950 2289 468 323 7131 9497 4092 6298 8378 2237 1383 887 8396 9144 246 1755 7017 1953 783 88 4337 4580 5844 1946 9204
33 7584 4260 5049 1014 9606 8193 2768 555 5167 9975 1777 6344 4684 1045 6849 8435 5367 6544 8630 4424 7081 5672 1823 3915 767 3469 1005 1685 5582 2105 7214 7697 4978
30 9888 4634 3656 1772 2352 3836 7526 5302 5278 5222 3986 4582 9216 2811 6006 1439 4525 6877 1656 847 8457 727 4484 4907 2976 6783 1446 5845 7608 4188
31 2209 862 5334 9732 6102 7723 1131 745 6538 2132 3742 2255 5766 3778 5994 9935 8759 4232 884 6792 6020 4781 959 7452 9193 374 2731 1601 1739 9882 960
33 1574 2156 698 4951 2693 273 2664 3346 4828 4205 1326 1218 881 6434 3834 3695 922 30 3605 6518 744 9730 8795 3617 3526 50 1997 5946 6818 2737 9383 5481 277
33 4189 6257 4170 26 5855 5448 5051 9504 9585 8463 9994 3532 6666 5501 8347 5347 3251 1771 6426 9564 1195 355 1619 8767 5421 5684 9789 5016 9582 7738 6988 8548 4625
30 8946 7006 7115 7638 2963 4715 375 6481 6634 4273 1759 7812 7071 8801 7308 7696 3026 9424 2631 6850 1941 2402 7550 2196 9167 4664 5870 8484 6404 9768
32 934 3363 2414 3503 1779 5116 2168 2166 8006 93 6547 9231 2558 7906 5124 3121 8094 1774 7012 4340 8196 2929 2131 4649 6645 146 6541 8520 196 4793 9109 7559
32 7426 6557 8971 8885 5940 5066 9909 2744 9457 4289 7409 1000 2044 259 6129 1294 8550 8599 3184 6527 6035 6019 8344 2566 4468 5615 1762 8011 936 2585 5273 1635
33 9189 1187 5984 5938 1278 7579 7180 4887 9356 4478 943 1083 9973 4374 7596 1261 5093 3477 9681 3814 8414 8571 8525 4220 4537 6917 7595 7411 9041 4518 788 362 7652
30 6229 7708 1816 5675 9804 6681 706 1593 9240 1671 9368 1960 3812 5504 3495 3927 1632 8233 2580 8600 8863 114 8716 6569 3527 6059 7741 5859 9188 5269
31 4466 2607 5197 6416 6445 1588 8933 4692 2233 2083 8089 7766 3290 2743 7346 4421 9297 4752 8671 7710 165 2240 8157 6209 4366 6222 12 8501 2400 5930 7775
29 4052 1424 7581 4386 4005 7668 2375 7369 9619 8588 1849 7824 3721 7388 2615 4230 5539 325 2271 6270 3658 6636 1869 2095 5344 7008 6561 6647 63
32 1048 2563 4989 7120 961 462 1740 4116 9949 3166 1688 6574 6449 2465 1870 8883 9609 5268 2445 812 4742 7507 9638 4729 6799 1716 4961 2448 9723 4422 6732 6627
32 2805 2711 8504 6093 4717 9150 8250 930 3854 5570 1248 1309 7377 3356 3095 4160 5104 4328 2740 762 5733 7826 1992 7954 1018 2896 894 7544 9422 4512 4965 5033
31 3423 2163 4166 7752 3907 1794 7944 1420 2707 2230 8253 5395 387 5839 1137 7615 2387 5013 2806 4868 3566 1775 9146 7987 4705 4571 2501 9293 3279 3829 4916
33 6950 1846 5136 2482 7890 404 7679 6731 2591 499 8627 1693 4921 9821 5869 8038 1892 7310 1496 2111 3231 4911 6023 1438 8101 6801 1443 6077 486 7223 8317 503 6479
32 5919 1572 9288 6857 9304 2350 8751 5 3573 3745 204 1074 7771 2539 6735 6253 4855 7758 8847 3371 2997 4711 707 3294 5765 4999 7453 6709 4872 2829 1791 6413
31 6392 7760 8543 502 1499 4391 5229 4795 8488 1730 3683 9067 1206 331 5664 8650 1866 5378 6621 5419 7684 6381 6401 423 5019 5017 77 2959 950 5410 4361
37 4960 8097 2517 1893 4751 6258 1417 2353 7728 8594 572 2541 9339 5384 3863 54 3310 4132 2973 7586 693 131 4094 755 4475 4439 3792 5414 5363 6355 2383 4042 9805 6358 7764 836 3188
30 9371 1030 8657 3519 6925 6351 1293 5706 7891 8001 3715 6364 9983 3020 8185 3461 4072 5958 5573 6195 9432 2816 3739 5341 2063 8241 8830 8105 2386 6588
32 1769 1660 5613 3681 3149 3295 7773 6099 927 2832 5023 3484 7432 1650 5808 7167 733 5484 8034 444 7127 5103 1090 7034 506 2865 5686 5459 3197 1540 2296 4331
29 152 5944 2785 4238 5153 7232 3118 9955 5587 7748 4158 8147 4127 6763 673 8796 7778 5154 3728 6571 3768 1041 1646 9348 4584 9912 2616 6737 8479
34 660 5326 256 7230 1737 8766 4903 941 3619 5312 409 8988 5647 3490 529 2589 1914 998 3301 6009 5385 7943 9316 4846 2958 8280 5992 3447 2618 1396 5430 7002 1327 2134
30 6808 3832 3856 8434 1205 2042 5082 8954 5670 7338 358 391 3506 9092 403 3543 376 7844 3213 5493 705 7051 1979 2117 983 9112 4680 4962 845 2155
30 4071 1577 7494 5185 9636 8884 1521 9648 8638 392 3431 7282 8448 249 5027 5443 5730 9717 8429 2045 3967 7819 7451 8789 3996 7119 2054 3457 6947 6596
30 6424 8698 1339 417 9128 571 3881 2762 3100 400 1228 8659 3771 7973 5202 4477 9098 3799 1973 6695 5335 7716 2621 9623 9291 5812 509 574 3868 5991
29 5057 2146 3119 2418 4311 7980 1055 3040 4938 1132 6800 2178 9655 1761 7919 4148 9197 9587 3776 8692 7420 9306 4270 9124 8782 6311 6320 3375 7456
29 1587 1466 6578 7183 6936 82 9097 6643 3192 8728 8668 7753 9179 7860 539 169 8276 4610 7353 5980 1729 7434 3200 8388 1583 3614 1705 3101 6865
29 5046 7229 8432 3643 8540 5258 9549 6551 3079 8377 9308 3313 8505 8861 7663 3152 3672 8497 2975 9867 8524 6913 3165 7019 2812 1765 5609 6149 6546
29 8849 9960 1842 3932 3702 304 5796 9599 4145 8123 6531 868 3846 7846 6063 4633 6362 8529 5810 8271 1757 8785 2317 7360 3946 1509 6397 1313 6537
32 9111 7427 7047 5324 928 8083 8714 1913 4858 2331 5757 2538 5906 5998 9249 7288 628 8422 8087 4118 3737 2023 129 6592 2374 9523 8736 6660 4197 3826 6088 1199
29 13 1130 8565 5109 9761 6746 7441 2142 3648 8358 753 9116 2121 6829 1461 6323 8226 1781 7027 6140 4725 2471 9691 1112 3239 3760 2123 1484 2661
31 4764 8299 5467 498 1139 3518 1016 2024 6267 9892 194 3229 6171 9502 223 8963 2560 8871 7126 2695 6400 1702 829 6165 4427 9657 4733 2422 3120 9573 5227
31 7937 9443 7569 9522 8438 663 2569 5433 3203 1485 6572 9420 560 4906 8775 9261 1830 4538 9021 985 1190 5431 1569 160 898 6317 7332 3796 2357 2670 9556
30 9714 7148 5388 4773 6961 2555 9773 319 1541 1679 6847 8245 8611 6684 4199 9122 3047 5236 8367 6064 5165 8209 7055 8811 4531 7617 3148 4586 2528 9346
28 4974 5325 9200 8503 6407 2912 1804 9491 7664 1092 5768 3390 1482 9712 633 2181 1955 179 4554 8059 6342 3154 4681 4877 4274 4881 8816 6051
32 3590 3025 2890 6155 7084 3139 1430 6779 8873 9059 5976 4124 1182 7237 2817 7058 66 1606 6396 9776 2173 8300 7098 4626 3823 3688 9074 3015 9320 5667 4963 9354
32 602 8057 6982 1704 8733 8613 593 1042 3541 2738 9451 6015 2725 7076 2720 3502 8338 8882 2193 7546 2660 3569 9199 8091 3725 5085 4038 7604 8416 870 6121 5107
26 4141 23 2954 1860 1554 5883 3001 8518 4306 59 5291 7589 7321 1146 7088 3677 1673 5422 3539 4876 139 9539 3111 7930 2380 7996
31 7576 6227 4474 5934 3044 1422 5460 9391 9864 0 5146 4638 9917 9007 4603 5820 8610 1567 5884 490 3337 8069 1514 6465 8088 2046 4666 5593 8236 2213 4576
31 962 4804 7132 9727 5865 6150 6005 7176 5323 1253 2646 4153 1935 3317 3220 6365 1840 5614 4187 6247 4920 2089 6273 1374 4196 6203 4352 8187 518 4747 9577
32 7883 7175 6888 4803 5207 4084 4627 3669 106 7629 5119 5311 6927 9466 9845 6502 7307 1876 3805 2702 2272 3789 7198 6109 9945 2964 8803 5633 8986 3381 6480 5885
30 4065 846 8297 2570 2966 7158 2637 2435 3304 5121 3286 911 1972 4617 1068 8999 9471 4162 8608 9644 7302 7339 1183 4993 8994 2572 3030 2969 7555 8385
29 7633 9248 1556 9286 9980 4567 185 926 1242 995 9952 6585 3685 5122 3389 418 4321 1565 9985 8473 9574 9176 7512 4959 2533 6667 3421 6332 8753
30 8099 7382 9591 2305 4144 4181 9456 6874 3158 734 70 1389 6780 2645 557 8732 5076 1351 1246 2192 4854 458 8428 9569 7228 7542 4840 3345 2957 7947
30 7914 5500 4632 915 4957 1241 62 5353 7240 4521 313 8318 359 4599 805 585 958 2200 7961 4987 9137 9265 4651 4108 2257 6327 9398 7965 3403 519
29 4322 8561 6214 8969 9039 309 5912 5010 7592 6331 3565 8284 5611 8142 8762 8908 5790 4103 9922 6285 9938 6455 8302 9878 8845 5032 5372 1653 9558
29 5777 4349 5653 9352 9175 3380 6618 1009 9583 670 6268 9012 1920 3849 6272 4943 917 618 1789 3222 6949 1200 217 6911 6833 5215 5780 4897 2406
30 746 1512 5532 4650 9129 1217 9825 1340 8292 5821 4652 4945 7059 6948 8345 4420 2739 4614 386 5773 2344 9521 2172 7913 5316 9221 892 390 119 900
28 4852 3384 6980 5555 4824 1462 5348 4015 8914 5523 2078 1023 228 9844 3514 9830 6334 2910 8984 672 4102 3591 2392 399 2510 9615 2781 1990
29 654 8568 5917 9785 9263 5990 7988 8581 6296 5055 8808 5818 2998 3759 5800 7556 381 1584 4086 9230 4932 9550 7101 2926 9759 9064 9767 5779 9343
28 138 6897 3027 3476 5658 9241 1344 5253 4888 6705 1069 8665 2984 4120 1536 583 7133 9516 4203 9379 699 1874 859 7810 3328 2620 3107 2423
30 1965 1824 1712 2012 3744 5610 1440 8005 3912 5068 1166 4100 2390 5048 5114 5531 3109 3852 5362 4528 1110 4362 25 3141 7923 5907 4561 7593 5851 7234
28 9543 6891 1468 2005 7976 9907 3537 7467 8441 2175 5687 1708 1524 1544 157 7271 8667 1231 1087 1284 723 4296 8685 3930 4291 9927 1150 7063
29 9988 3198 1425 554 7449 4152 1138 5506 4185 5975 6185 1867 5803 1280 1401 6220 1571 2407 6110 2490 1343 9479 7933 3352 9713 7152 2999 4791 2783
28 2265 275 3701 1983 1926 6278 6985 8365 3427 9203 5592 2780 6352 143 2077 2462 3085 7023 6087 5858 7862 5649 6907 4615 9474 1672 2007 4329
31 1386 4473 3169 9743 4279 9190 5945 1198 8263 4640 6412 6999 4430 4382 9923 274 1927 5295 6249 1286 1296 1663 4342 2905 5665 7517 6506 3168 1211 2217 1766
29 1109 9440 4122 8118 3620 9322 216 7960 4025 8477 1158 4873 5200 8446 9800 9876 9276 4645 424 6346 9259 3066 235 3547 8731 2059 7294 2157 6511
31 2378 8579 9104 9685 9052 5308 738 964 435 437 3545 3392 2699 7532 4598 669 3129 302 2754 7070 154 1922 5437 2025 1375 7791 8895 9991 9161 4685 8311
27 3123 9136 3640 6410 8108 164 6286 6535 4334 4504 4515 2066 3094 6484 4332 4955 461 4654 7083 7057 1989 732 8823 6867 7852 5042 2338
29 2672 9814 3628 9227 7323 3266 2295 4377 980 3340 5070 7352 7370 7623 9060 8373 5037 7103 7325 6219 3093 3561 6420 1017 20 6052 4257 6639 9255
27 2417 94 7397 9130 678 53 9565 8235 3865 8889 4284 7509 3944 5971 5248 226 1265 7624 7372 4772 2421 1841 3800 3196 1010 2349 7907
28 8709 9662 9460 4870 3306 5020 5522 5138 530 3785 7450 5951 4869 3241 2944 6175 5409 7155 2663 4924 3000 7814 2476 808 3649 31 4353 5562
28 5062 9246 3533 6623 7161 3610 3722 7915 9084 5189 7355 5847 1553 700 9852 2447 608 5271 7311 2074 5225 1878 6745 4384 8487 7424 8887 7010
28 1641 1599 4797 9492 5826 6485 9394 2797 8723 8617 1163 8855 2463 9959 6100 449 9426 2988 1884 7444 8411 9905 6838 2718 3653 2532 3555 9478
27 8551 7642 182 1976 5713 7203 9571 5862 1120 8206 9090 8455 3199 7493 5026 4704 8082 5778 6549 6923 3087 2284 7583 1378 5950 2371 5836
27 4077 3782 5492 5534 9625 7842 606 250 4575 6037 1548 8844 7104 5075 214 9507 613 9779 763 9271 9298 1782 9572 9633 9613 9971 6135
27 7324 5147 5149 2557 9806 1985 6500 1998 3654 7062 9857 4379 1829 7238 9209 9647 7832 1084 6641 1699 9301 2427 1958 8272 8539 2791 4901
29 666 5703 2241 2228 5566 4156 6816 975 8322 1427 257 7407 1880 4547 4098 7265 6851 3293 4389 3445 797 6852 351 4850 3940 6041 3024 8945 5240
28 3511 2554 4006 6348 1677 1302 2477 5293 9363 1168 2705 5073 9002 9283 52 7823 2453 5636 5094 5892 6848 8084 2626 8081 2441 4775 2565 8636
28 3815 9447 7251 2195 3898 7488 996 685 5355 4856 353 8591 1147 5720 982 8972 2229 326 7398 401 786 8010 2285 9962 6503 2487 8589 537
27 6603 4246 5529 3598 5117 8697 7016 2136 3905 9270 4579 822 8939 3010 9390 2219 3820 4498 6529 364 9631 1633 1237 1798 2911 2814 711
27 2182 5535 7871 659 7519 4867 3804 8718 252 6276 2867 9247 3127 3415 382 6380 9427 3824 4023 7797 7113 2784 3219 7154 4532 7837 6179
27 4760 445 8523 5914 9079 9139 2101 7691 1368 3544 6630 5192 2935 5579 1507 234 6384 4648 7262 6894 6066 6858 9924 5569 6074 8784 5644
26 7828 9538 1746 7384 9735 7992 8634 9795 9554 4542 7472 5480 7990 2500 9931 6111 7129 7225 5563 1528 1232 7714 6717 882 5021 5681
27 3236 8447 3471 8049 4175 3703 1784 2064 4370 7743 8296 2495 7809 5152 6742 4800 9709 631 1273 9132 4624 197 9353 6308 3161 9410 6491
28 9282 8121 8227 7244 4607 6995 6049 8790 36 3989 5413 6674 609 4919 8436 1052 4496 1732 6863 8656 8738 3577 3112 1518 9099 1638 1099 3116
27 9925 4057 5537 5668 504 2057 3297 2794 3678 4679 5983 4667 7612 8348 4373 2341 9487 9401 6605 9468 5558 2376 3588 9476 4698 3633 7460
27 9215 7639 7496 2876 5263 1715 2429 6393 3887 2243 7082 4212 3893 3063 6282 4438 5003 8304 8662 5364 9364 8802 1474 8195 6235 9510 592
26 6669 8669 7439 487 5181 9258 3847 1932 4325 594 5279 9300 6182 6433 3344 6353 5357 2662 5267 1355 267 4255 7970 3607 5635 7272
27 2993 2086 5721 7481 5005 6580 1412 7866 22 6824 3280 6552 5259 7682 2617 7171 2821 8310 7410 992 4285 1949 712 5521 2311 2306 265
28 7995 1573 9568 6493 1745 4784 7952 402 5748 2722 5366 7935 5852 1744 6895 7909 1088 2270 4441 9357 9369 1328 2884 5275 2385 9645 9782 6014
26 6845 7511 3972 9811 2323 1969 4137 9133 9853 2280 9526 8507 9158 4723 264 5590 3419 8331 3999 6825 7301 2405 4459 3041 282 6843
27 9155 7704 736 5612 5542 2018 771 9182 4931 5547 1589 2316 8915 7053 8975 3432 9758 348 6700 4620 876 948 2393 731 8024 3872 411
28 3256 3827 8654 8586 5151 6753 7299 1944 5878 6567 4163 1329 1320 6471 1452 3458 101 5098 1523 6505 3017 5143 6501 7644 5882 7261 9650 8909
28 3145 5837 2793 2512 1863 1264 1133 3871 9044 7038 8628 9677 6386 9448 914 9673 1511 2070 2602 4269 890 8427 3135 1279 8165 2915 6974 1298
26 993 688 5966 5997 3524 171 6299 9324 1304 8944 9689 9906 2682 153 3437 6104 6965 9676 1940 4558 8962 4505 3938 501 7903 9932
30 558 5524 3878 7335 6459 5436 7637 679 2403 7390 4241 2011 5000 2900 1314 2424 6134 4740 5628 3007 776 9319 7657 3676 9637 2261 9698 8744 9330 7162
25 2452 3720 7031 2599 6910 2221 1222 8154 7462 4591 8035 3065 8601 2015 2484 4191 8199 1561 3691 6986 7505 621 9438 7806 1508
27 4661 5160 330 5377 1210 5307 6427 2158 5510 5474 9862 9222 4713 3941 4335 4970 6124 1903 8 4007 9210 6579 7717 6366 3710 3958 9873
26 4616 8183 1330 6871 1152 4655 970 956 2161 9548 648 6213 1847 965 1664 7912 5899 9920 5929 8467 5180 6011 990 6821 6390 647
27 2636 1125 8080 3385 4560 6912 5478 6244 383 3908 7328 9871 5162 6749 3888 2889 5331 307 4491 8748 1506 37 651 573 448 8412 1864
25 7822 7337 8286 7707 4817 4621 4004 8122 9529 8616 9736 5230 5214 6930 7217 7732 97 5494 2934 2987 1580 4973 8060 2249 9700
25 395 3929 2365 8130 5520 5744 6309 6328 3105 452 5282 5219 8007 3180 7836 4738 1058 1901 6126 7895 5101 566 4981 2594 3504
27 8407 2583 191 817 9096 473 3625 689 4641 3362 6954 3136 1406 9796 2949 5040 6045 6964 8098 2455 7389 6103 1209 8409 5729 3957 5690
24 5552 3210 3051 3264 3680 8375 9362 2176 1104 8813 225 3028 2125 1169 3596 9611 8800 3749 1827 7857 7477 1288 966 6173
26 1753 9688 3693 3618 4186 6016 184 8251 8483 4262 3494 6367 2534 4312 9570 6078 6494 2022 4668 5663 7498 2751 4367 9535 2556 8805
28 6638 6154 665 9073 4628 4278 9622 4193 3176 4292 4460 2548 7247 877 8787 6451 4555 646 3965 4216 4849 8852 1930 4020 843 5678 2075 7899
26 601 4662 7787 4481 2048 4933 9803 6205 2961 8912 332 3603 6378 9118 559 7069 1613 303 6827 3738 4242 814 8110 7478 4516 4771
25 8315 286 2604 5483 1795 675 2774 3882 4388 790 3515 2408 3806 4258 4623 8116 268 488 6679 6241 4631 8516 8941 4708 75
25 9742 2864 5472 5999 3049 9989 107 219 2909 9412 2355 8512 7290 8926 2110 8155 8563 8452 1455 3586 4608 6136 6028 8387 2630
26 8090 1271 9075 5895 2144 5022 9533 2624 8013 9839 3635 2790 1029 3108 2658 4493 9085 9009 867 1481 6769 6784 6012 5375 4345 2494
28 7609 8502 2335 1186 6620 2126 4221 8577 5911 2919 5601 6191 7443 8814 6743 2727 3125 7283 5871 5762 5872 9101 3706 7521 205 2273 6498 233
24 8724 436 6992 2396 6000 1283 2710 9172 7468 5508 9993 6025 7005 2671 4080 5631 524 6803 5735 8433 6201 3451 7322 4364
28 5354 2830 4390 4318 3866 931 1093 1917 8848 5397 7039 3563 2577 6406 3801 2256 9551 4763 742 6642 8888 7073 7052 3014 7731 6842 4594 2451
25 3611 3235 34 4966 1923 5166 5742 9954 7876 9110 9072 345 3054 2251 9040 6326 3718 5923 5888 3070 4790 1834 6654 6161 5988
24 9328 8184 6200 6250 4910 4304 6686 9314 1360 84 832 680 6846 3837 8702 3433 3097 8474 1086 3848 5725 5161 8092 6835
26 5370 534 5115 5400 5783 9467 1012 2788 7815 6648 8956 3464 4743 6439 3978 222 478 6734 4464 9245 9496 3752 4228 2268 6264 5320
25 4049 2351 7529 7699 2236 4722 7896 3156 8055 1709 5497 5265 1726 5978 64 4070 2941 1844 8923 7252 4593 3988 624 4866 5473
25 8644 7539 9251 3762 6876 5499 6395 9781 5059 9704 6115 4748 9252 903 6050 4860 7632 6349 3206 1129 6602 6577 9778 8640 4789
25 3968 159 9131 2169 3757 8381 7379 3770 2802 1526 2647 109 7298 5646 56 3253 5931 9239 8930 5339 821 3459 2703 6883 2719
26 4469 7216 1407 8906 3623 5224 7489 8687 6697 4941 6085 2576 4637 2888 5399 3378 1252 8048 4816 8632 7602 5196 3173 7319 7885 9527
23 3877 5939 276 7985 4053 7110 6553 1431 7108 9490 9217 2527 5541 2113 2592 8340 9062 1318 3208 6573 4592 5029 8898
27 3562 3076 9202 8841 7249 2298 9898 720 4527 9500 1214 6024 1223 1552 7763 2564 6487 8230 2515 2102 5221 1061 8810 2571 4590 6240 3634
25 1938 6319 3333 7986 9963 308 3777 925 5904 4375 8231 1352 7114 4139 7500 4299 1806 6373 9449 3910 4360 5586 5432 6564 3082
26 724 1387 5903 9632 4697 9540 4487 7931 5763 6820 907 4511 2428 5972 4676 3895 8156 4991 5722 9603 2729 2115 426 6776 8819 2480
26 1817 9166 3339 60 515 4673 5390 4031 3797 2887 5108 3132 2540 4109 4106 507 7168 657 1478 317 632 4008 7788 378 1607 4875
26 8404 726 3005 6748 5797 7598 5556 5090 413 7213 4147 8137 9024 4280 7218 8420 9641 4206 9775 1447 2072 787 9705 467 4585 5674
26 3265 2496 8492 4046 9719 2154 6994 7483 110 7761 2325 5828 1873 4213 2034 1376 1623 4861 2688 9610 5120 4490 5549 9463 8216 7260
25 6330 8406 2263 3373 9640 6657 971 5163 3341 2320 7195 1085 3034 7018 2593 2227 549 5283 8136 5243 6293 7100 1655 8132 4014
24 9054 3482 6003 2906 6125 8454 3724 2009 1564 9309 231 6156 4112 8614 8480 3414 4333 8676 897 8112 181 6008 2985 2611
25 6021 8961 6640 5516 8530 8462 7359 6978 5900 5781 636 3686 1103 3692 1918 5150 7573 3397 5902 8772 3713 8935 587 4707 582
24 8546 626 9787 3612 1515 3242 8679 9990 3835 6454 7620 3646 3525 6607 8158 3248 1335 1251 296 2778 3354 2848 6217 7641
24 5955 2766 6265 1614 2212 4104 5303 8783 7610 7188 8989 6026 1070 1173 8313 3916 8704 7250 7754 218 2170 2716 2786 2504
27 2091 3240 8590 4807 7922 1890 4530 6519 2489 5704 5793 8857 2852 8149 9877 3512 5205 4595 7762 5194 6144 5873 5342 7121 3207 1350 1911
27 750 3756 7487 4660 7552 3557 2279 3019 9675 7024 8760 7531 5332 580 7882 5652 2692 9465 3394 6937 3572 7354 7713 2942 4699 8443 7756
26 4107 6347 5740 5310 1907 4323 6369 8528 3481 8652 5420 4892 133 1968 4146 4509 9701 7041 2861 3593 543 8770 9934 4237 8514 124
25 9194 1035 1037 2767 6379 1770 7981 6606 9720 2370 510 213 751 6075 7733 1480 9269 8064 4810 8940 8515 5398 5948 5915 5208
25 482 9445 656 2037 7383 682 6446 8876 3637 8294 2314 643 4277 9630 6712 4604 1356 7274 9680 9201 5996 2627 3522 5361 1627
24 2381 9498 6475 2578 6794 6866 8249 7671 9921 5169 954 8279 6837 5485 5806 5708 807 7530 9486 2553 754 9679 3349 1397
26 5673 8607 8710 9219 2633 5058 1342 3489 9851 9056 8562 1128 6486 6772 8355 6302 6443 8817 1334 7293 5776 7074 8100 796 8353 4977
22 6791 2795 9506 8833 7482 343 8920 1871 5322 4720 3246 8807 3920 2697 7813 4372 3140 5824 7601 1404 7801 7886
25 7613 7566 2332 479 9899 4355 3997 5274 5100 1516 8967 6018 32 8578 2419 5617 5977 4198 9605 7897 485 4479 5543 4037 3517
26 9561 9718 8952 2252 9790 4730 5639 3185 3078 4818 8106 5451 1838 6698 7834 7585 4133 1101 7211 469 2443 8363 9576 1464 1106 8629
24 2191 7395 3921 9817 4250 8500 9745 8042 7727 3134 568 5727 8283 803 6232 3973 562 1529 2824 2250 7280 9687 7066 4131
24 9764 4236 6463 4151 2801 7375 3587 793 2552 4435 7830 7300 1905 2372 2216 2792 8839 7940 8456 5009 616 7900 4956 5707
24 377 3775 1818 1059 768 8564 2027 4040 3035 5411 5848 7725 1488 2290 8866 8403 6118 7567 3995 6832 9563 9774 2968 9860
25 3288 553 6168 9702 3275 1547 2674 3500 2071 21 3191 4612 664 3753 5648 7292 8198 2641 9472 1900 6499 6415 6901 2031 7348
25 5801 2803 2777 7742 443 5052 2232 1127 6740 8894 5694 986 1458 5695 9103 9534 4806 4233 7454 1297 7094 9542 7246 3038 9154
27 7545 773 687 2469 979 899 2334 1839 833 8008 8552 2080 6375 1063 2287 8837 1931 5572 6468 366 6702 2065 2819 9452 7654 9837 7492
23 7205 9417 2715 3992 9302 541 9338 5603 9575 8691 3609 2185 6953 2521 7634 4308 7562 2694 8306 6377 3645 4767 5823
26 7179 1143 5213 4480 785 8050 2450 739 1694 2547 4266 3926 2114 5775 112 1240 6307 4429 3509 8075 6583 7868 9900 2041 5551 6614
25 8896 9826 5886 850 8693 220 7872 5457 4562 4898 1402 5428 8109 3441 6453 9469 9509 7095 9493 5088 1995 7386 8959 2215 3436
24 1492 8207 3659 9268 6966 2242 2039 2061 360 6460 1244 866 96 955 4453 4719 4982 5145 9879 6260 1119 8225 6650 1651
26 4494 3452 9037 4214 4400 3755 6616 8649 5935 2509 4844 1948 6010 947 5786 3067 9513 6039 6839 3761 3223 2079 2269 9863 1295 8470
24 4501 6683 6231 4455 589 3917 9939 3262 1861 3795 2666 5067 6726 6725 7479 7366 3787 2588 4336 6797 6447 2904 1001 8696
25 280 6062 4802 9382 6767 1592 794 4062 9087 6368 9287 5581 6048 4656 8269 3945 4508 162 7659 9335 1538 6360 3308 4254 6172
24 8653 5383 9470 7650 605 5125 4724 230 1189 2188 237 838 7893 5487 7181 6900 3428 3338 6560 7342 8981 5054 6810 6575
25 2765 3128 1113 9933 229 5210 3170 4799 4489 6773 8686 2546 1145 1819 5174 2112 6132 6081 298 9620 4820 2828 2444 764 1445
24 1595 5130 8166 9042 6113 2167 2536 4263 7942 4544 5417 6174 6450 9810 2087 8997 279 5264 1966 5660 2514 6513 825 1154
23 7297 811 7011 8261 7721 4356 356 9883 8878 3488 4226 8761 6998 830 1213 535 1159 6089 7128 2749 2523 4674 7215
26 6543 6720 8919 1197 791 5351 8673 2001 7875 8943 55 3983 6741 9312 9683 1216 2650 3969 9225 6909 5359 7050 7107 6823 2668 6441
24 9038 8366 4239 2815 6464 2346 150 261 8602 4019 2033 1856 7184 2292 17 8868 3217 6662 7902 5571 3959 5849 9444 3386
25 6488 8394 5195 4099 9669 6421 3443 117 1028 6989 2426 4410 8426 305 8190 649 9528 774 155 2655 5515 2712 6184 4339 85
23 9692 551 6778 7744 4009 3783 5396 2937 5314 6651 3819 4551 3853 8764 5957 1563 658 5190 5657 5538 4026 3468 8009
26 7186 548 6765 4442 1758 5318 4550 4889 3794 5412 2913 8722 2704 6414 6611 7514 2307 6685 1696 8071 8622 5819 5937 7843 8360 4300
26 9213 1365 336 3950 2036 2106 4395 4190 7455 8224 258 5438 5072 8490 9119 5989 6789 6987 1534 2199 2883 3998 497 2776 2895 9015
23 6770 6879 1148 4200 4942 3651 3130 878 6287 2818 4081 1094 4839 645 7563 3550 9333 4121 6619 6159 8987 2530 2659
24 1312 8468 9756 1398 3122 2609 8646 9737 9593 2092 7035 5718 5737 4010 840 9846 1476 3023 10 1790 2706 2902 7422 2367
25 8177 4754 6970 9095 2701 2410 8256 6084 6033 6719 9068 8329 2151 802 6617 9473 5288 9275 9377 8838 9886 1629 7677 8268 9914
23 9913 7448 747 1776 3267 6389 8316 1233 3631 3923 2845 3897 9323 6760 3142 6043 3874 7600 5702 47 769 1268 2681
24 188 2330 7421 7543 4001 8410 6361 2542 8258 3548 6612 4128 1713 9047 2174 4894 151 1912 9819 9557 5685 7553 7178 1363
22 6461 8934 4909 9754 4183 7768 1555 2763 7312 2981 1662 6530 6288 2639 176 3523 5155 8535 5276 4552 3059 419
25 4994 3630 4769 2860 1612 2838 8506 8004 7816 4988 5063 57 8688 3319 5495 8303 4330 1362 5381 6431 9071 3758 2143 8879 4171
23 8903 7475 2649 9408 1260 4307 8478 1897 8917 7267 1097 7692 7953 4727 3046 976 944 6694 3351 9865 9505 9995 3748
23 8977 7380 5077 1024 9147 3272 243 7580 2062 6728 7491 7779 2972 9671 508 7446 3689 3257 1714 3664 7938 2561 9958
25 2813 1021 7331 906 1994 9078 2322 7765 7257 2986 5080 2882 1451 1391 3891 7373 9566 2831 8275 2162 6478 3138 451 7533 4275
22 4507 5564 3679 3150 5867 6652 7392 8593 9664 8352 1504 7924 6432 4244 9083 1394 9840 823 3369 3697 2016 6065
23 8017 49 40 4834 610 8264 4341 4833 9482 9280 5947 6968 8129 2653 1803 463 725 8326 8747 951 3970 3334 3708
21 1066 8400 6402 2479 81 3830 3018 2097 7423 3622 8135 6226 3535 6938 2696 4073 2597 889 1738 7153 6061
22 1036 9755 7191 3696 3731 1258 1797 1986 2656 3879 5426 3102 6079 8684 6736 748 6805 1311 7618 8180 3285 2804
24 2 3324 8003 9559 4248 8924 888 5235 9842 8159 7701 3271 1221 407 7438 3255 7547 1617 349 8777 8307 8932 9643 8618
22 7219 5127 5669 5585 9831 7880 3675 8499 2610 600 7233 3370 1616 8587 4499 3809 5576 607 856 4605 7718 9741
23 3781 5112 2459 1380 740 7278 1098 9771 2891 6098 6192 7831 7212 8900 4879 1065 6108 3655 2328 5723 7417 2518 5517
23 350 1520 5632 2506 952 8281 2433 8840 3330 1493 8278 8826 7859 6539 9525 9998 4786 5979 6080 4012 5764 2980 2507
18 4896 2472 3951 3455 1674 3558 8642 6138 4201 7645 3705 2369 1469 4847 9337 2277 6926 818
20 6032 16 9966 9967 8257 9880 5301 2373 6354 3011 2464 6696 4113 8319 8674 5754 1902 6774 6899 1951
20 1964 4034 4777 1421 7361 3182 743 1219 3791 4383 3629 245 1409 9050 8519 2598 7571 8102 8965 7683
20 2430 9120 1250 1600 2258 4452 6470 135 7009 3368 1636 9707 4819 3376 5139 6589 2733 7658 8555 1181
19 1080 4249 9397 1448 5683 8423 87 6515 7036 3453 6187 2982 4756 6940 591 2361 3053 4426 4884
21 6237 1465 3707 9751 3091 380 4454 565 7503 9979 7549 1453 8860 3409 5389 5078 9693 8030 5589 6239 2885
20 2535 421 3291 9627 9229 4745 7202 5403 3364 5701 1056 8295 4934 9292 1537 1201 454 7193 1731 3098
20 5148 627 9520 3405 4195 2391 3299 9327 8025 7802 9081 6941 5479 2315 8773 9294 9234 4563 8308 3493
19 9515 8820 6073 2841 3716 3934 8469 2735 8413 9135 1887 6653 6977 440 4886 9946 7904 9450 8672
20 2013 9484 9816 3050 2394 8865 1194 7078 4857 3606 2014 1736 4814 6924 7676 4865 1400 4041 312 7289
19 4716 9428 5423 8162 1996 6221 8828 7045 5578 686 6701 4125 8534 6204 7881 3077 8021 765 8179
20 9974 6922 3164 6556 2147 6826 9393 1149 4432 6210 8189 3981 6403 9999 6768 3790 8822 4211 6855 8647
16 873 3671 4573 7177 3949 6971 9854 8215 6143 430 9419 4522 4035 495 5961 752
17 2746 4227 8418 7715 6658 8076 597 3825 5741 4570 7236 4059 211 5641 4972 1072 9903
18 6844 1854 8727 8320 2642 8012 3821 1602 4431 1915 3890 7932 1495 5567 9156 5111 8856 5624
17 3114 4703 8798 4313 1750 5188 6218 4559 9910 6905 471 247 8804 241 3736 7627 18
17 8201 2673 2918 3195 6764 8517 5343 7536 3982 1450 7143 7425 1578 3885 6131 7535 195
16 4953 2194 3430 8460 5176 6312 5439 7091 8144 2886 5340 5212 481 8212 945 5380
17 7046 4247 1477 7597 9436 9499 4264 3212 7345 741 285 5554 5186 8491 7476 5866 6593
18 1370 5502 6523 111 2892 8476 1032 1007 886 6814 6034 827 4939 7749 6095 3597 9663 8729
17 1532 8974 7703 3086 431 5843 974 4110 7950 6813 5626 6608 3843 9926 9519 3189 9639
17 4483 5071 3320 569 1899 4728 5533 4657 4344 3933 2180 410 315 4859 9682 269 4024
18 7275 5329 7672 7000 2474 7387 9793 1395 1799 3307 7145 6116 2210 4968 5449 8998 1162 6370
7 3507 7958 2020 2184 8892 1172 2377
0 
0 
0 
0 
0 
0 
0 
0 
0 
0 
0 
0 
0 
0 
0 
0 
0 
0 
0 
0 
0 
0 
0 
0 
0 
0 
0 
0 
0 
0 
